09/14/2013 19:36:48 START logging for run: production/environments/Fig2/Fig2--0.49-0.51-star.xml
09/14/2013 19:36:48 reading environment file ./production/environments/Fig2/Fig2--0.49-0.51-star.xml
09/14/2013 19:36:48     measurement started...
09/14/2013 19:36:54     ...measurement written
09/14/2013 19:36:54 FINISHED logging for run: production/environments/Fig2/Fig2--0.49-0.51-star.xml 

09/14/2013 19:38:10 START logging for run: production/environments/Fig2/Fig2--0.49-0.51-star.xml
09/14/2013 19:38:10 reading environment file ./production/environments/Fig2/Fig2--0.49-0.51-star.xml
09/14/2013 19:38:10     measurement started...
09/14/2013 19:38:10     ...measurement written
09/14/2013 19:38:10 FINISHED logging for run: production/environments/Fig2/Fig2--0.49-0.51-star.xml 

09/14/2013 19:38:21 START logging for run: production/environments/Fig2/Fig2--0.49-0.51-star.xml
09/14/2013 19:38:21 reading environment file ./production/environments/Fig2/Fig2--0.49-0.51-star.xml
09/14/2013 19:38:21     measurement started...
09/14/2013 19:38:21     ...measurement written
09/14/2013 19:38:21 FINISHED logging for run: production/environments/Fig2/Fig2--0.49-0.51-star.xml 

09/14/2013 20:47:58 START logging for run: production/environments/Fig2/Fig2--0.49-0.51-star.xml
09/14/2013 20:47:58 reading environment file ./production/environments/Fig2/Fig2--0.49-0.51-star.xml
09/14/2013 20:47:58     measurement started...
09/14/2013 20:47:58     ...measurement written
09/14/2013 20:47:58 FINISHED logging for run: production/environments/Fig2/Fig2--0.49-0.51-star.xml 

09/14/2013 20:50:16 START logging for run: production/environments/Fig2/Fig2--0.49-0.51-star.xml
09/14/2013 20:50:16 reading environment file ./production/environments/Fig2/Fig2--0.49-0.51-star.xml
09/14/2013 20:50:16     measurement started...
09/14/2013 20:50:16     ...measurement written
09/14/2013 20:50:16 FINISHED logging for run: production/environments/Fig2/Fig2--0.49-0.51-star.xml 

09/14/2013 20:50:42 START logging for run: production/environments/Fig2/Fig2--0.49-0.51-star.xml
09/14/2013 20:50:42 reading environment file ./production/environments/Fig2/Fig2--0.49-0.51-star.xml
09/14/2013 20:50:42     measurement started...
09/14/2013 20:50:42     ...measurement written
09/14/2013 20:50:42 FINISHED logging for run: production/environments/Fig2/Fig2--0.49-0.51-star.xml 

09/14/2013 20:50:56 START logging for run: production/environments/Fig2/Fig2--0.49-0.51-star.xml
09/14/2013 20:50:56 reading environment file ./production/environments/Fig2/Fig2--0.49-0.51-star.xml
09/14/2013 20:50:56     measurement started...
09/14/2013 20:50:56     ...measurement written
09/14/2013 20:50:56 FINISHED logging for run: production/environments/Fig2/Fig2--0.49-0.51-star.xml 

09/14/2013 21:25:16 START logging for run: production/environments/Fig2/Fig2--0.49-0.51-star.xml
09/14/2013 21:25:16 reading environment file ./production/environments/Fig2/Fig2--0.49-0.51-star.xml
09/14/2013 21:25:49 START logging for run: production/environments/Fig2/Fig2--0.49-0.51-star.xml
09/14/2013 21:25:49 reading environment file ./production/environments/Fig2/Fig2--0.49-0.51-star.xml
09/14/2013 21:25:49     measurement started...
09/14/2013 21:25:49     ...measurement written
09/14/2013 21:25:49 FINISHED logging for run: production/environments/Fig2/Fig2--0.49-0.51-star.xml 

09/14/2013 21:26:50 START logging for run: production/environments/Fig2/Fig2--0.49-0.51-star.xml
09/14/2013 21:26:50 reading environment file ./production/environments/Fig2/Fig2--0.49-0.51-star.xml
09/14/2013 21:26:50     measurement started...
09/14/2013 21:26:50     ...measurement written
09/14/2013 21:26:50 FINISHED logging for run: production/environments/Fig2/Fig2--0.49-0.51-star.xml 

09/14/2013 21:29:14 START logging for run: production/environments/Fig2/Fig2--0.49-0.51-star.xml
09/14/2013 21:29:14 reading environment file ./production/environments/Fig2/Fig2--0.49-0.51-star.xml
09/14/2013 21:29:14     measurement started...
09/14/2013 21:29:14     ...measurement written
09/14/2013 21:29:14 FINISHED logging for run: production/environments/Fig2/Fig2--0.49-0.51-star.xml 

09/14/2013 21:29:32 START logging for run: production/environments/Fig2/Fig2--0.49-0.51-star.xml
09/14/2013 21:29:32 reading environment file ./production/environments/Fig2/Fig2--0.49-0.51-star.xml
09/14/2013 21:29:32     measurement started...
09/14/2013 21:29:32     ...measurement written
09/14/2013 21:29:32 FINISHED logging for run: production/environments/Fig2/Fig2--0.49-0.51-star.xml 

09/14/2013 21:29:53 START logging for run: production/environments/Fig2/Fig2--0.49-0.51-star.xml
09/14/2013 21:29:53 reading environment file ./production/environments/Fig2/Fig2--0.49-0.51-star.xml
09/14/2013 21:29:53     measurement started...
09/14/2013 21:29:53     ...measurement written
09/14/2013 21:29:53 FINISHED logging for run: production/environments/Fig2/Fig2--0.49-0.51-star.xml 

09/14/2013 21:30:30 START logging for run: production/environments/Fig2/Fig2--0.49-0.51-star.xml
09/14/2013 21:30:30 reading environment file ./production/environments/Fig2/Fig2--0.49-0.51-star.xml
09/14/2013 21:30:30     measurement started...
09/14/2013 21:30:30     ...measurement written
09/14/2013 21:30:30 FINISHED logging for run: production/environments/Fig2/Fig2--0.49-0.51-star.xml 

09/14/2013 21:30:41 START logging for run: production/environments/Fig2/Fig2--0.49-0.51-star.xml
09/14/2013 21:30:41 reading environment file ./production/environments/Fig2/Fig2--0.49-0.51-star.xml
09/14/2013 21:30:41     measurement started...
09/14/2013 21:30:41     ...measurement written
09/14/2013 21:30:41 FINISHED logging for run: production/environments/Fig2/Fig2--0.49-0.51-star.xml 

09/14/2013 21:30:52 START logging for run: production/environments/Fig2/Fig2--0.49-0.51-star.xml
09/14/2013 21:30:52 reading environment file ./production/environments/Fig2/Fig2--0.49-0.51-star.xml
09/14/2013 21:30:52     measurement started...
09/14/2013 21:30:52     ...measurement written
09/14/2013 21:30:52 FINISHED logging for run: production/environments/Fig2/Fig2--0.49-0.51-star.xml 

09/14/2013 21:31:07 START logging for run: production/environments/Fig2/Fig2--0.49-0.51-star.xml
09/14/2013 21:31:07 reading environment file ./production/environments/Fig2/Fig2--0.49-0.51-star.xml
09/14/2013 21:31:07     measurement started...
09/14/2013 21:31:07     ...measurement written
09/14/2013 21:31:07 FINISHED logging for run: production/environments/Fig2/Fig2--0.49-0.51-star.xml 

09/14/2013 21:31:38 START logging for run: production/environments/Fig2/Fig2--0.49-0.51-star.xml
09/14/2013 21:31:38 reading environment file ./production/environments/Fig2/Fig2--0.49-0.51-star.xml
09/14/2013 21:31:38     measurement started...
09/14/2013 21:31:38     ...measurement written
09/14/2013 21:31:38 FINISHED logging for run: production/environments/Fig2/Fig2--0.49-0.51-star.xml 

09/14/2013 21:33:00 START logging for run: production/environments/Fig2/Fig2--0.49-0.51-star.xml
09/14/2013 21:33:00 reading environment file ./production/environments/Fig2/Fig2--0.49-0.51-star.xml
09/14/2013 21:33:00     measurement started...
09/14/2013 21:33:00     ...measurement written
09/14/2013 21:33:00 FINISHED logging for run: production/environments/Fig2/Fig2--0.49-0.51-star.xml 

09/14/2013 21:33:26 START logging for run: production/environments/Fig2/Fig2--0.49-0.51-star.xml
09/14/2013 21:33:26 reading environment file ./production/environments/Fig2/Fig2--0.49-0.51-star.xml
09/14/2013 21:33:26     measurement started...
09/14/2013 21:33:26     ...measurement written
09/14/2013 21:33:26 FINISHED logging for run: production/environments/Fig2/Fig2--0.49-0.51-star.xml 

09/14/2013 21:33:46 START logging for run: production/environments/Fig2/Fig2--0.49-0.51-star.xml
09/14/2013 21:33:46 reading environment file ./production/environments/Fig2/Fig2--0.49-0.51-star.xml
09/14/2013 21:33:46     measurement started...
09/14/2013 21:33:46     ...measurement written
09/14/2013 21:33:46 FINISHED logging for run: production/environments/Fig2/Fig2--0.49-0.51-star.xml 

09/14/2013 21:33:53 START logging for run: production/environments/Fig2/Fig2--0.49-0.51-star.xml
09/14/2013 21:33:53 reading environment file ./production/environments/Fig2/Fig2--0.49-0.51-star.xml
09/14/2013 21:33:53     measurement started...
09/14/2013 21:33:53     ...measurement written
09/14/2013 21:33:53 FINISHED logging for run: production/environments/Fig2/Fig2--0.49-0.51-star.xml 

09/14/2013 21:34:30 START logging for run: production/environments/Fig2/Fig2--0.49-0.51-star.xml
09/14/2013 21:34:30 reading environment file ./production/environments/Fig2/Fig2--0.49-0.51-star.xml
09/14/2013 21:34:30     measurement started...
09/14/2013 21:34:30     ...measurement written
09/14/2013 21:34:30 FINISHED logging for run: production/environments/Fig2/Fig2--0.49-0.51-star.xml 

09/14/2013 21:34:36 START logging for run: production/environments/Fig2/Fig2--0.49-0.51-star.xml
09/14/2013 21:34:36 reading environment file ./production/environments/Fig2/Fig2--0.49-0.51-star.xml
09/14/2013 21:34:36     measurement started...
09/14/2013 21:34:36     ...measurement written
09/14/2013 21:34:36 FINISHED logging for run: production/environments/Fig2/Fig2--0.49-0.51-star.xml 

09/14/2013 21:35:20 START logging for run: production/environments/Fig2/Fig2--0.49-0.51-star.xml
09/14/2013 21:35:20 reading environment file ./production/environments/Fig2/Fig2--0.49-0.51-star.xml
09/14/2013 21:35:20     measurement started...
09/14/2013 21:35:20     ...measurement written
09/14/2013 21:35:20 FINISHED logging for run: production/environments/Fig2/Fig2--0.49-0.51-star.xml 

09/14/2013 21:35:36 START logging for run: production/environments/Fig2/Fig2--0.49-0.51-star.xml
09/14/2013 21:35:36 reading environment file ./production/environments/Fig2/Fig2--0.49-0.51-star.xml
09/14/2013 21:35:36     measurement started...
09/14/2013 21:35:36     ...measurement written
09/14/2013 21:35:36 FINISHED logging for run: production/environments/Fig2/Fig2--0.49-0.51-star.xml 

09/14/2013 21:37:14 START logging for run: production/environments/Fig2/Fig2--0.49-0.51-star.xml
09/14/2013 21:37:14 reading environment file ./production/environments/Fig2/Fig2--0.49-0.51-star.xml
09/14/2013 21:37:14     measurement started...
09/14/2013 21:37:14     ...measurement written
09/14/2013 21:37:14 FINISHED logging for run: production/environments/Fig2/Fig2--0.49-0.51-star.xml 

09/14/2013 21:40:37 START logging for run: production/environments/Fig2/Fig2--0.49-0.51-star.xml
09/14/2013 21:40:37 reading environment file ./production/environments/Fig2/Fig2--0.49-0.51-star.xml
09/14/2013 21:40:37     measurement started...
09/14/2013 21:40:37     ...measurement written
09/14/2013 21:40:37 FINISHED logging for run: production/environments/Fig2/Fig2--0.49-0.51-star.xml 

09/14/2013 21:40:53 START logging for run: production/environments/Fig2/Fig2--0.49-0.51-star.xml
09/14/2013 21:40:53 reading environment file ./production/environments/Fig2/Fig2--0.49-0.51-star.xml
09/14/2013 21:40:53     measurement started...
09/14/2013 21:40:53     ...measurement written
09/14/2013 21:40:53 FINISHED logging for run: production/environments/Fig2/Fig2--0.49-0.51-star.xml 

09/14/2013 21:41:20 START logging for run: production/environments/Fig2/Fig2--0.49-0.51-star.xml
09/14/2013 21:41:20 reading environment file ./production/environments/Fig2/Fig2--0.49-0.51-star.xml
09/14/2013 21:41:20     measurement started...
09/14/2013 21:41:20     ...measurement written
09/14/2013 21:41:20 FINISHED logging for run: production/environments/Fig2/Fig2--0.49-0.51-star.xml 

09/14/2013 21:41:58 START logging for run: production/environments/Fig2/Fig2--0.49-0.51-star.xml
09/14/2013 21:41:58 reading environment file ./production/environments/Fig2/Fig2--0.49-0.51-star.xml
09/14/2013 21:41:58     measurement started...
09/14/2013 21:41:58     ...measurement written
09/14/2013 21:41:58 FINISHED logging for run: production/environments/Fig2/Fig2--0.49-0.51-star.xml 

09/14/2013 21:42:02 START logging for run: production/environments/Fig2/Fig2--0.49-0.51-star.xml
09/14/2013 21:42:02 reading environment file ./production/environments/Fig2/Fig2--0.49-0.51-star.xml
09/14/2013 21:42:02     measurement started...
09/14/2013 21:42:02     ...measurement written
09/14/2013 21:42:02 FINISHED logging for run: production/environments/Fig2/Fig2--0.49-0.51-star.xml 

09/14/2013 21:42:08 START logging for run: production/environments/Fig2/Fig2--0.49-0.51-star.xml
09/14/2013 21:42:08 reading environment file ./production/environments/Fig2/Fig2--0.49-0.51-star.xml
09/14/2013 21:42:08     measurement started...
09/14/2013 21:42:08     ...measurement written
09/14/2013 21:42:08 FINISHED logging for run: production/environments/Fig2/Fig2--0.49-0.51-star.xml 

09/14/2013 21:42:27 START logging for run: production/environments/Fig2/Fig2--0.49-0.51-star.xml
09/14/2013 21:42:27 reading environment file ./production/environments/Fig2/Fig2--0.49-0.51-star.xml
09/14/2013 21:42:27     measurement started...
09/14/2013 21:42:28     ...measurement written
09/14/2013 21:42:28 FINISHED logging for run: production/environments/Fig2/Fig2--0.49-0.51-star.xml 

09/14/2013 21:42:39 START logging for run: production/environments/Fig2/Fig2--0.49-0.51-star.xml
09/14/2013 21:42:39 reading environment file ./production/environments/Fig2/Fig2--0.49-0.51-star.xml
09/14/2013 21:42:39     measurement started...
09/14/2013 21:42:40     ...measurement written
09/14/2013 21:42:40 FINISHED logging for run: production/environments/Fig2/Fig2--0.49-0.51-star.xml 

09/14/2013 21:46:12 START logging for run: production/environments/Fig2/Fig2--0.49-0.51-star.xml
09/14/2013 21:46:12 reading environment file ./production/environments/Fig2/Fig2--0.49-0.51-star.xml
09/14/2013 21:46:12     measurement started...
09/14/2013 21:46:12     ...measurement written
09/14/2013 21:46:12 FINISHED logging for run: production/environments/Fig2/Fig2--0.49-0.51-star.xml 

09/14/2013 21:47:03 START logging for run: production/environments/Fig2/Fig2--0.49-0.51-star.xml
09/14/2013 21:47:03 reading environment file ./production/environments/Fig2/Fig2--0.49-0.51-star.xml
09/14/2013 21:47:03     measurement started...
09/14/2013 21:47:03     ...measurement written
09/14/2013 21:47:03 FINISHED logging for run: production/environments/Fig2/Fig2--0.49-0.51-star.xml 

09/14/2013 22:03:15 START logging for run: production/environments/Fig2/Fig2--0.49-0.51-star.xml
09/14/2013 22:03:15 reading environment file ./production/environments/Fig2/Fig2--0.49-0.51-star.xml
09/14/2013 22:03:15     measurement started...
09/14/2013 22:03:15     ...measurement written
09/14/2013 22:03:15 FINISHED logging for run: production/environments/Fig2/Fig2--0.49-0.51-star.xml 

09/14/2013 22:04:22 START logging for run: production/environments/Fig2/Fig2--0.49-0.51-star.xml
09/14/2013 22:04:22 reading environment file ./production/environments/Fig2/Fig2--0.49-0.51-star.xml
09/14/2013 22:04:22     measurement started...
09/14/2013 22:04:22     ...measurement written
09/14/2013 22:04:22 FINISHED logging for run: production/environments/Fig2/Fig2--0.49-0.51-star.xml 

09/14/2013 22:04:30 START logging for run: production/environments/Fig2/Fig2--0.49-0.51-star.xml
09/14/2013 22:04:30 reading environment file ./production/environments/Fig2/Fig2--0.49-0.51-star.xml
09/14/2013 22:04:30     measurement started...
09/14/2013 22:04:31     ...measurement written
09/14/2013 22:04:31 FINISHED logging for run: production/environments/Fig2/Fig2--0.49-0.51-star.xml 

09/14/2013 22:04:38 START logging for run: production/environments/Fig2/Fig2--0.49-0.51-star.xml
09/14/2013 22:04:38 reading environment file ./production/environments/Fig2/Fig2--0.49-0.51-star.xml
09/14/2013 22:04:38     measurement started...
09/14/2013 22:04:38     ...measurement written
09/14/2013 22:04:38 FINISHED logging for run: production/environments/Fig2/Fig2--0.49-0.51-star.xml 

09/14/2013 22:04:45 START logging for run: production/environments/Fig2/Fig2--0.49-0.51-star.xml
09/14/2013 22:04:45 reading environment file ./production/environments/Fig2/Fig2--0.49-0.51-star.xml
09/14/2013 22:04:45     measurement started...
09/14/2013 22:04:45     ...measurement written
09/14/2013 22:04:45 FINISHED logging for run: production/environments/Fig2/Fig2--0.49-0.51-star.xml 

09/14/2013 22:05:03 START logging for run: production/environments/Fig2/Fig2--0.49-0.51-star.xml
09/14/2013 22:05:03 reading environment file ./production/environments/Fig2/Fig2--0.49-0.51-star.xml
09/14/2013 22:05:03     measurement started...
09/14/2013 22:05:03     ...measurement written
09/14/2013 22:05:03 FINISHED logging for run: production/environments/Fig2/Fig2--0.49-0.51-star.xml 

09/14/2013 22:05:08 START logging for run: production/environments/Fig2/Fig2--0.49-0.51-star.xml
09/14/2013 22:05:08 reading environment file ./production/environments/Fig2/Fig2--0.49-0.51-star.xml
09/14/2013 22:05:08     measurement started...
09/14/2013 22:05:08     ...measurement written
09/14/2013 22:05:08 FINISHED logging for run: production/environments/Fig2/Fig2--0.49-0.51-star.xml 

09/14/2013 22:05:13 START logging for run: production/environments/Fig2/Fig2--0.49-0.51-star.xml
09/14/2013 22:05:13 reading environment file ./production/environments/Fig2/Fig2--0.49-0.51-star.xml
09/14/2013 22:05:13     measurement started...
09/14/2013 22:05:13     ...measurement written
09/14/2013 22:05:13 FINISHED logging for run: production/environments/Fig2/Fig2--0.49-0.51-star.xml 

09/14/2013 22:05:21 START logging for run: production/environments/Fig2/Fig2--0.49-0.51-star.xml
09/14/2013 22:05:21 reading environment file ./production/environments/Fig2/Fig2--0.49-0.51-star.xml
09/14/2013 22:05:21     measurement started...
09/14/2013 22:05:21     ...measurement written
09/14/2013 22:05:21 FINISHED logging for run: production/environments/Fig2/Fig2--0.49-0.51-star.xml 

09/14/2013 22:05:28 START logging for run: production/environments/Fig2/Fig2--0.49-0.51-star.xml
09/14/2013 22:05:28 reading environment file ./production/environments/Fig2/Fig2--0.49-0.51-star.xml
09/14/2013 22:05:28     measurement started...
09/14/2013 22:05:28     ...measurement written
09/14/2013 22:05:28 FINISHED logging for run: production/environments/Fig2/Fig2--0.49-0.51-star.xml 

09/14/2013 22:05:34 START logging for run: production/environments/Fig2/Fig2--0.49-0.51-star.xml
09/14/2013 22:05:34 reading environment file ./production/environments/Fig2/Fig2--0.49-0.51-star.xml
09/14/2013 22:05:35     measurement started...
09/14/2013 22:05:35     ...measurement written
09/14/2013 22:05:35 FINISHED logging for run: production/environments/Fig2/Fig2--0.49-0.51-star.xml 

09/14/2013 22:05:38 START logging for run: production/environments/Fig2/Fig2--0.49-0.51-star.xml
09/14/2013 22:05:38 reading environment file ./production/environments/Fig2/Fig2--0.49-0.51-star.xml
09/14/2013 22:05:38     measurement started...
09/14/2013 22:05:38     ...measurement written
09/14/2013 22:05:38 FINISHED logging for run: production/environments/Fig2/Fig2--0.49-0.51-star.xml 

09/14/2013 22:06:07 START logging for run: production/environments/Fig2/Fig2--0.49-0.51-star.xml
09/14/2013 22:06:07 reading environment file ./production/environments/Fig2/Fig2--0.49-0.51-star.xml
09/14/2013 22:06:07     measurement started...
09/14/2013 22:06:07     ...measurement written
09/14/2013 22:06:07 FINISHED logging for run: production/environments/Fig2/Fig2--0.49-0.51-star.xml 

09/14/2013 22:06:22 START logging for run: production/environments/Fig2/Fig2--0.49-0.51-star.xml
09/14/2013 22:06:22 reading environment file ./production/environments/Fig2/Fig2--0.49-0.51-star.xml
09/14/2013 22:06:22     measurement started...
09/14/2013 22:06:22     ...measurement written
09/14/2013 22:06:22 FINISHED logging for run: production/environments/Fig2/Fig2--0.49-0.51-star.xml 

09/14/2013 22:06:32 START logging for run: production/environments/Fig2/Fig2--0.49-0.51-star.xml
09/14/2013 22:06:32 reading environment file ./production/environments/Fig2/Fig2--0.49-0.51-star.xml
09/14/2013 22:06:32     measurement started...
09/14/2013 22:06:33     ...measurement written
09/14/2013 22:06:33 FINISHED logging for run: production/environments/Fig2/Fig2--0.49-0.51-star.xml 

09/14/2013 22:06:41 START logging for run: production/environments/Fig2/Fig2--0.49-0.51-star.xml
09/14/2013 22:06:41 reading environment file ./production/environments/Fig2/Fig2--0.49-0.51-star.xml
09/14/2013 22:06:42     measurement started...
09/14/2013 22:06:42     ...measurement written
09/14/2013 22:06:42 FINISHED logging for run: production/environments/Fig2/Fig2--0.49-0.51-star.xml 

09/14/2013 22:07:01 START logging for run: production/environments/Fig2/Fig2--0.49-0.51-star.xml
09/14/2013 22:07:01 reading environment file ./production/environments/Fig2/Fig2--0.49-0.51-star.xml
09/14/2013 22:07:02     measurement started...
09/14/2013 22:07:02     ...measurement written
09/14/2013 22:07:02 FINISHED logging for run: production/environments/Fig2/Fig2--0.49-0.51-star.xml 

09/14/2013 22:07:22 START logging for run: production/environments/Fig2/Fig2--0.49-0.51-star.xml
09/14/2013 22:07:22 reading environment file ./production/environments/Fig2/Fig2--0.49-0.51-star.xml
09/14/2013 22:07:22     measurement started...
09/14/2013 22:07:22     ...measurement written
09/14/2013 22:07:22 FINISHED logging for run: production/environments/Fig2/Fig2--0.49-0.51-star.xml 

09/14/2013 22:07:31 START logging for run: production/environments/Fig2/Fig2--0.49-0.51-star.xml
09/14/2013 22:07:31 reading environment file ./production/environments/Fig2/Fig2--0.49-0.51-star.xml
09/14/2013 22:07:31     measurement started...
09/14/2013 22:07:31     ...measurement written
09/14/2013 22:07:31 FINISHED logging for run: production/environments/Fig2/Fig2--0.49-0.51-star.xml 

09/14/2013 22:07:39 START logging for run: production/environments/Fig2/Fig2--0.49-0.51-star.xml
09/14/2013 22:07:39 reading environment file ./production/environments/Fig2/Fig2--0.49-0.51-star.xml
09/14/2013 22:07:39     measurement started...
09/14/2013 22:07:39     ...measurement written
09/14/2013 22:07:39 FINISHED logging for run: production/environments/Fig2/Fig2--0.49-0.51-star.xml 

09/14/2013 22:07:48 START logging for run: production/environments/Fig2/Fig2--0.49-0.51-star.xml
09/14/2013 22:07:48 reading environment file ./production/environments/Fig2/Fig2--0.49-0.51-star.xml
09/14/2013 22:07:48     measurement started...
09/14/2013 22:07:48     ...measurement written
09/14/2013 22:07:48 FINISHED logging for run: production/environments/Fig2/Fig2--0.49-0.51-star.xml 

09/14/2013 22:07:58 START logging for run: production/environments/Fig2/Fig2--0.49-0.51-star.xml
09/14/2013 22:07:58 reading environment file ./production/environments/Fig2/Fig2--0.49-0.51-star.xml
09/14/2013 22:07:58     measurement started...
09/14/2013 22:07:58     ...measurement written
09/14/2013 22:07:58 FINISHED logging for run: production/environments/Fig2/Fig2--0.49-0.51-star.xml 

09/14/2013 22:08:05 START logging for run: production/environments/Fig2/Fig2--0.49-0.51-star.xml
09/14/2013 22:08:05 reading environment file ./production/environments/Fig2/Fig2--0.49-0.51-star.xml
09/14/2013 22:08:05     measurement started...
09/14/2013 22:08:05     ...measurement written
09/14/2013 22:08:05 FINISHED logging for run: production/environments/Fig2/Fig2--0.49-0.51-star.xml 

09/14/2013 22:08:16 START logging for run: production/environments/Fig2/Fig2--0.49-0.51-star.xml
09/14/2013 22:08:16 reading environment file ./production/environments/Fig2/Fig2--0.49-0.51-star.xml
09/14/2013 22:08:16     measurement started...
09/14/2013 22:08:16     ...measurement written
09/14/2013 22:08:16 FINISHED logging for run: production/environments/Fig2/Fig2--0.49-0.51-star.xml 

09/14/2013 22:08:27 START logging for run: production/environments/Fig2/Fig2--0.49-0.51-star.xml
09/14/2013 22:08:27 reading environment file ./production/environments/Fig2/Fig2--0.49-0.51-star.xml
09/14/2013 22:08:27     measurement started...
09/14/2013 22:08:28     ...measurement written
09/14/2013 22:08:28 FINISHED logging for run: production/environments/Fig2/Fig2--0.49-0.51-star.xml 

09/14/2013 22:08:39 START logging for run: production/environments/Fig2/Fig2--0.49-0.51-star.xml
09/14/2013 22:08:39 reading environment file ./production/environments/Fig2/Fig2--0.49-0.51-star.xml
09/14/2013 22:08:39     measurement started...
09/14/2013 22:08:39     ...measurement written
09/14/2013 22:08:39 FINISHED logging for run: production/environments/Fig2/Fig2--0.49-0.51-star.xml 

09/14/2013 22:08:47 START logging for run: production/environments/Fig2/Fig2--0.49-0.51-star.xml
09/14/2013 22:08:47 reading environment file ./production/environments/Fig2/Fig2--0.49-0.51-star.xml
09/14/2013 22:08:47     measurement started...
09/14/2013 22:08:47     ...measurement written
09/14/2013 22:08:47 FINISHED logging for run: production/environments/Fig2/Fig2--0.49-0.51-star.xml 

09/14/2013 22:08:57 START logging for run: production/environments/Fig2/Fig2--0.49-0.51-star.xml
09/14/2013 22:08:57 reading environment file ./production/environments/Fig2/Fig2--0.49-0.51-star.xml
09/14/2013 22:08:57     measurement started...
09/14/2013 22:08:57     ...measurement written
09/14/2013 22:08:57 FINISHED logging for run: production/environments/Fig2/Fig2--0.49-0.51-star.xml 

09/14/2013 22:09:06 START logging for run: production/environments/Fig2/Fig2--0.49-0.51-star.xml
09/14/2013 22:09:06 reading environment file ./production/environments/Fig2/Fig2--0.49-0.51-star.xml
09/14/2013 22:09:06     measurement started...
09/14/2013 22:09:06     ...measurement written
09/14/2013 22:09:06 FINISHED logging for run: production/environments/Fig2/Fig2--0.49-0.51-star.xml 

09/14/2013 22:09:17 START logging for run: production/environments/Fig2/Fig2--0.49-0.51-star.xml
09/14/2013 22:09:17 reading environment file ./production/environments/Fig2/Fig2--0.49-0.51-star.xml
09/14/2013 22:09:17     measurement started...
09/14/2013 22:09:18     ...measurement written
09/14/2013 22:09:18 FINISHED logging for run: production/environments/Fig2/Fig2--0.49-0.51-star.xml 

09/14/2013 22:09:24 START logging for run: production/environments/Fig2/Fig2--0.49-0.51-star.xml
09/14/2013 22:09:24 reading environment file ./production/environments/Fig2/Fig2--0.49-0.51-star.xml
09/14/2013 22:09:24     measurement started...
09/14/2013 22:09:25     ...measurement written
09/14/2013 22:09:25 FINISHED logging for run: production/environments/Fig2/Fig2--0.49-0.51-star.xml 

09/14/2013 22:09:31 START logging for run: production/environments/Fig2/Fig2--0.49-0.51-star.xml
09/14/2013 22:09:31 reading environment file ./production/environments/Fig2/Fig2--0.49-0.51-star.xml
09/14/2013 22:09:31     measurement started...
09/14/2013 22:09:32     ...measurement written
09/14/2013 22:09:32 FINISHED logging for run: production/environments/Fig2/Fig2--0.49-0.51-star.xml 

09/14/2013 22:09:38 START logging for run: production/environments/Fig2/Fig2--0.49-0.51-star.xml
09/14/2013 22:09:38 reading environment file ./production/environments/Fig2/Fig2--0.49-0.51-star.xml
09/14/2013 22:09:38     measurement started...
09/14/2013 22:09:38     ...measurement written
09/14/2013 22:09:38 FINISHED logging for run: production/environments/Fig2/Fig2--0.49-0.51-star.xml 

09/14/2013 22:09:48 START logging for run: production/environments/Fig2/Fig2--0.49-0.51-star.xml
09/14/2013 22:09:48 reading environment file ./production/environments/Fig2/Fig2--0.49-0.51-star.xml
09/14/2013 22:09:48     measurement started...
09/14/2013 22:09:48     ...measurement written
09/14/2013 22:09:48 FINISHED logging for run: production/environments/Fig2/Fig2--0.49-0.51-star.xml 

09/14/2013 22:09:54 START logging for run: production/environments/Fig2/Fig2--0.49-0.51-star.xml
09/14/2013 22:09:54 reading environment file ./production/environments/Fig2/Fig2--0.49-0.51-star.xml
09/14/2013 22:09:54     measurement started...
09/14/2013 22:09:55     ...measurement written
09/14/2013 22:09:55 FINISHED logging for run: production/environments/Fig2/Fig2--0.49-0.51-star.xml 

09/14/2013 22:10:07 START logging for run: production/environments/Fig2/Fig2--0.49-0.51-star.xml
09/14/2013 22:10:07 reading environment file ./production/environments/Fig2/Fig2--0.49-0.51-star.xml
09/14/2013 22:10:17     measurement started...
09/14/2013 22:10:22     ...measurement written
09/14/2013 22:10:22 FINISHED logging for run: production/environments/Fig2/Fig2--0.49-0.51-star.xml 

09/14/2013 22:10:51 START logging for run: production/environments/Fig2/Fig2--0.49-0.51-star.xml
09/14/2013 22:10:51 reading environment file ./production/environments/Fig2/Fig2--0.49-0.51-star.xml
09/14/2013 22:12:14     measurement started...
09/14/2013 22:12:28     ...measurement written
09/14/2013 22:12:28 FINISHED logging for run: production/environments/Fig2/Fig2--0.49-0.51-star.xml 

09/14/2013 22:12:43 START logging for run: production/environments/Fig2/Fig2--0.49-0.51-star.xml
09/14/2013 22:12:43 reading environment file ./production/environments/Fig2/Fig2--0.49-0.51-star.xml
09/14/2013 22:15:23     measurement started...
09/14/2013 22:15:43     ...measurement written
09/14/2013 22:15:43 FINISHED logging for run: production/environments/Fig2/Fig2--0.49-0.51-star.xml 

09/14/2013 22:16:10 START logging for run: production/environments/Fig2/Fig2--0.49-0.51-star.xml
09/14/2013 22:16:10 reading environment file ./production/environments/Fig2/Fig2--0.49-0.51-star.xml
09/14/2013 22:16:11     measurement started...
09/14/2013 22:16:12     ...measurement written
09/14/2013 22:16:12 FINISHED logging for run: production/environments/Fig2/Fig2--0.49-0.51-star.xml 

09/14/2013 22:16:49 START logging for run: production/environments/Fig2/Fig2--0.49-0.51-star.xml
09/14/2013 22:16:49 reading environment file ./production/environments/Fig2/Fig2--0.49-0.51-star.xml
09/14/2013 22:16:49     measurement started...
09/14/2013 22:16:50     ...measurement written
09/14/2013 22:16:50 FINISHED logging for run: production/environments/Fig2/Fig2--0.49-0.51-star.xml 

09/14/2013 22:17:00 START logging for run: production/environments/Fig2/Fig2--0.49-0.51-star.xml
09/14/2013 22:17:00 reading environment file ./production/environments/Fig2/Fig2--0.49-0.51-star.xml
09/14/2013 22:17:00     measurement started...
09/14/2013 22:17:00     ...measurement written
09/14/2013 22:17:00 FINISHED logging for run: production/environments/Fig2/Fig2--0.49-0.51-star.xml 

09/14/2013 22:17:19 START logging for run: production/environments/Fig2/Fig2--0.49-0.51-star.xml
09/14/2013 22:17:19 reading environment file ./production/environments/Fig2/Fig2--0.49-0.51-star.xml
09/14/2013 22:17:19     measurement started...
09/14/2013 22:17:20     ...measurement written
09/14/2013 22:17:20 FINISHED logging for run: production/environments/Fig2/Fig2--0.49-0.51-star.xml 

09/14/2013 22:17:30 START logging for run: production/environments/Fig2/Fig2--0.49-0.51-star.xml
09/14/2013 22:17:30 reading environment file ./production/environments/Fig2/Fig2--0.49-0.51-star.xml
09/14/2013 22:17:30     measurement started...
09/14/2013 22:17:31     ...measurement written
09/14/2013 22:17:31 FINISHED logging for run: production/environments/Fig2/Fig2--0.49-0.51-star.xml 

09/14/2013 22:17:44 START logging for run: production/environments/Fig2/Fig2--0.49-0.51-star.xml
09/14/2013 22:17:44 reading environment file ./production/environments/Fig2/Fig2--0.49-0.51-star.xml
09/14/2013 22:17:44     measurement started...
09/14/2013 22:17:45     ...measurement written
09/14/2013 22:17:45 FINISHED logging for run: production/environments/Fig2/Fig2--0.49-0.51-star.xml 

09/14/2013 22:17:52 START logging for run: production/environments/Fig2/Fig2--0.49-0.51-star.xml
09/14/2013 22:17:52 reading environment file ./production/environments/Fig2/Fig2--0.49-0.51-star.xml
09/14/2013 22:17:52     measurement started...
09/14/2013 22:17:52     ...measurement written
09/14/2013 22:17:52 FINISHED logging for run: production/environments/Fig2/Fig2--0.49-0.51-star.xml 

09/14/2013 22:17:58 START logging for run: production/environments/Fig2/Fig2--0.49-0.51-star.xml
09/14/2013 22:17:58 reading environment file ./production/environments/Fig2/Fig2--0.49-0.51-star.xml
09/14/2013 22:17:58     measurement started...
09/14/2013 22:17:58     ...measurement written
09/14/2013 22:17:58 FINISHED logging for run: production/environments/Fig2/Fig2--0.49-0.51-star.xml 

09/14/2013 22:18:05 START logging for run: production/environments/Fig2/Fig2--0.49-0.51-star.xml
09/14/2013 22:18:05 reading environment file ./production/environments/Fig2/Fig2--0.49-0.51-star.xml
09/14/2013 22:18:05     measurement started...
09/14/2013 22:18:05     ...measurement written
09/14/2013 22:18:05 FINISHED logging for run: production/environments/Fig2/Fig2--0.49-0.51-star.xml 

09/14/2013 22:18:12 START logging for run: production/environments/Fig2/Fig2--0.49-0.51-star.xml
09/14/2013 22:18:12 reading environment file ./production/environments/Fig2/Fig2--0.49-0.51-star.xml
09/14/2013 22:18:12     measurement started...
09/14/2013 22:18:13     ...measurement written
09/14/2013 22:18:13 FINISHED logging for run: production/environments/Fig2/Fig2--0.49-0.51-star.xml 

09/14/2013 22:18:19 START logging for run: production/environments/Fig2/Fig2--0.49-0.51-star.xml
09/14/2013 22:18:19 reading environment file ./production/environments/Fig2/Fig2--0.49-0.51-star.xml
09/14/2013 22:18:19     measurement started...
09/14/2013 22:18:19     ...measurement written
09/14/2013 22:18:19 FINISHED logging for run: production/environments/Fig2/Fig2--0.49-0.51-star.xml 

09/14/2013 22:18:26 START logging for run: production/environments/Fig2/Fig2--0.49-0.51-star.xml
09/14/2013 22:18:26 reading environment file ./production/environments/Fig2/Fig2--0.49-0.51-star.xml
09/14/2013 22:18:26     measurement started...
09/14/2013 22:18:27     ...measurement written
09/14/2013 22:18:27 FINISHED logging for run: production/environments/Fig2/Fig2--0.49-0.51-star.xml 

09/14/2013 22:18:36 START logging for run: production/environments/Fig2/Fig2--0.49-0.51-star.xml
09/14/2013 22:18:36 reading environment file ./production/environments/Fig2/Fig2--0.49-0.51-star.xml
09/14/2013 22:18:36     measurement started...
09/14/2013 22:18:36     ...measurement written
09/14/2013 22:18:36 FINISHED logging for run: production/environments/Fig2/Fig2--0.49-0.51-star.xml 

09/14/2013 22:18:42 START logging for run: production/environments/Fig2/Fig2--0.49-0.51-star.xml
09/14/2013 22:18:42 reading environment file ./production/environments/Fig2/Fig2--0.49-0.51-star.xml
09/14/2013 22:18:42     measurement started...
09/14/2013 22:18:42     ...measurement written
09/14/2013 22:18:42 FINISHED logging for run: production/environments/Fig2/Fig2--0.49-0.51-star.xml 

09/14/2013 22:18:50 START logging for run: production/environments/Fig2/Fig2--0.49-0.51-star.xml
09/14/2013 22:18:50 reading environment file ./production/environments/Fig2/Fig2--0.49-0.51-star.xml
09/14/2013 22:18:50     measurement started...
09/14/2013 22:18:55     ...measurement written
09/14/2013 22:18:55 FINISHED logging for run: production/environments/Fig2/Fig2--0.49-0.51-star.xml 

09/14/2013 22:19:08 START logging for run: production/environments/Fig2/Fig2--0.49-0.51-star.xml
09/14/2013 22:19:08 reading environment file ./production/environments/Fig2/Fig2--0.49-0.51-star.xml
09/14/2013 22:19:08     measurement started...
09/14/2013 22:19:34     ...measurement written
09/14/2013 22:19:34 FINISHED logging for run: production/environments/Fig2/Fig2--0.49-0.51-star.xml 

09/14/2013 22:19:49 START logging for run: production/environments/Fig2/Fig2--0.49-0.51-star.xml
09/14/2013 22:19:49 reading environment file ./production/environments/Fig2/Fig2--0.49-0.51-star.xml
09/14/2013 22:19:49     measurement started...
09/14/2013 22:19:54     ...measurement written
09/14/2013 22:19:54 FINISHED logging for run: production/environments/Fig2/Fig2--0.49-0.51-star.xml 

09/14/2013 22:20:08 START logging for run: production/environments/Fig2/Fig2--0.49-0.51-star.xml
09/14/2013 22:20:08 reading environment file ./production/environments/Fig2/Fig2--0.49-0.51-star.xml
09/14/2013 22:20:08     measurement started...
09/14/2013 22:20:20     ...measurement written
09/14/2013 22:20:20 FINISHED logging for run: production/environments/Fig2/Fig2--0.49-0.51-star.xml 

09/14/2013 22:20:31 START logging for run: production/environments/Fig2/Fig2--0.49-0.51-star.xml
09/14/2013 22:20:31 reading environment file ./production/environments/Fig2/Fig2--0.49-0.51-star.xml
09/14/2013 22:20:31     measurement started...
09/14/2013 22:20:57     ...measurement written
09/14/2013 22:20:57 FINISHED logging for run: production/environments/Fig2/Fig2--0.49-0.51-star.xml 

09/14/2013 22:22:46 START logging for run: production/environments/Fig2/Fig2--0.49-0.51-star.xml
09/14/2013 22:22:46 reading environment file ./production/environments/Fig2/Fig2--0.49-0.51-star.xml
09/14/2013 22:22:46     measurement started...
09/14/2013 22:22:56     ...measurement written
09/14/2013 22:22:56 FINISHED logging for run: production/environments/Fig2/Fig2--0.49-0.51-star.xml 

09/14/2013 22:23:12 START logging for run: production/environments/Fig2/Fig2--0.49-0.51-star.xml
09/14/2013 22:23:12 reading environment file ./production/environments/Fig2/Fig2--0.49-0.51-star.xml
09/14/2013 22:23:12     measurement started...
09/14/2013 22:23:17     ...measurement written
09/14/2013 22:23:17 FINISHED logging for run: production/environments/Fig2/Fig2--0.49-0.51-star.xml 

09/14/2013 22:24:53 START logging for run: production/environments/Fig2/Fig2--0.49-0.51-star.xml
09/14/2013 22:24:53 reading environment file ./production/environments/Fig2/Fig2--0.49-0.51-star.xml
09/14/2013 22:24:53     measurement started...
09/14/2013 22:25:44     ...measurement written
09/14/2013 22:25:44 FINISHED logging for run: production/environments/Fig2/Fig2--0.49-0.51-star.xml 

09/14/2013 22:36:42 START logging for run: production/environments/Fig2/Fig2--0.49-0.51-star.xml
09/14/2013 22:36:42 reading environment file ./production/environments/Fig2/Fig2--0.49-0.51-star.xml
09/14/2013 22:36:42     measurement started...
09/14/2013 22:36:42     ...measurement written
09/14/2013 22:36:42 FINISHED logging for run: production/environments/Fig2/Fig2--0.49-0.51-star.xml 

09/14/2013 22:38:03 START logging for run: production/environments/Fig2/Fig2--0.49-0.51-star.xml
09/14/2013 22:38:03 reading environment file ./production/environments/Fig2/Fig2--0.49-0.51-star.xml
09/14/2013 22:38:03     measurement started...
09/14/2013 22:38:03     ...measurement written
09/14/2013 22:38:03 FINISHED logging for run: production/environments/Fig2/Fig2--0.49-0.51-star.xml 

09/14/2013 23:47:52 START logging for run: production/environments/Fig2/Fig2--0.49-0.51-star.xml
09/14/2013 23:47:52 reading environment file ./production/environments/Fig2/Fig2--0.49-0.51-star.xml
09/14/2013 23:47:52     measurement started...
09/14/2013 23:47:52     ...measurement written
09/14/2013 23:47:52 FINISHED logging for run: production/environments/Fig2/Fig2--0.49-0.51-star.xml 

09/14/2013 23:48:19 START logging for run: production/environments/Fig2/Fig2--0.49-0.51-star.xml
09/14/2013 23:48:19 reading environment file ./production/environments/Fig2/Fig2--0.49-0.51-star.xml
09/14/2013 23:48:19     measurement started...
09/14/2013 23:48:19     ...measurement written
09/14/2013 23:48:19 FINISHED logging for run: production/environments/Fig2/Fig2--0.49-0.51-star.xml 

09/14/2013 23:48:31 START logging for run: production/environments/Fig2/Fig2--0.49-0.51-star.xml
09/14/2013 23:48:31 reading environment file ./production/environments/Fig2/Fig2--0.49-0.51-star.xml
09/14/2013 23:48:31     measurement started...
09/14/2013 23:48:31     ...measurement written
09/14/2013 23:48:31 FINISHED logging for run: production/environments/Fig2/Fig2--0.49-0.51-star.xml 

09/14/2013 23:48:46 START logging for run: production/environments/Fig2/Fig2--0.49-0.51-star.xml
09/14/2013 23:48:46 reading environment file ./production/environments/Fig2/Fig2--0.49-0.51-star.xml
09/14/2013 23:48:46     measurement started...
09/14/2013 23:48:46     ...measurement written
09/14/2013 23:48:46 FINISHED logging for run: production/environments/Fig2/Fig2--0.49-0.51-star.xml 

