10/07/2013 17:29:03 START logging for run: debug/environments/Fig1--0.1.xml
10/07/2013 17:29:03 reading environment file ./debug/environments/Fig1--0.1.xml
10/07/2013 17:29:04     measurement started...
10/07/2013 17:29:04 FINISHED logging for run: debug/environments/Fig1--0.1.xml 

10/07/2013 17:34:12 START logging for run: debug/environments/Fig1--0.1.xml
10/07/2013 17:34:12 reading environment file ./debug/environments/Fig1--0.1.xml
10/07/2013 17:34:13     measurement started...
10/07/2013 17:34:13 FINISHED logging for run: debug/environments/Fig1--0.1.xml 

10/07/2013 17:39:09 START logging for run: debug/environments/Fig1--0.1.xml
10/07/2013 17:39:09 reading environment file ./debug/environments/Fig1--0.1.xml
10/07/2013 17:39:10     measurement started...
10/07/2013 17:39:10 FINISHED logging for run: debug/environments/Fig1--0.1.xml 

10/07/2013 17:40:09 START logging for run: debug/environments/Fig1--0.1.xml
10/07/2013 17:40:09 reading environment file ./debug/environments/Fig1--0.1.xml
10/07/2013 17:40:10     measurement started...
10/07/2013 17:40:10 FINISHED logging for run: debug/environments/Fig1--0.1.xml 

10/07/2013 17:44:47 START logging for run: debug/environments/Fig1--0.1.xml
10/07/2013 17:44:47 reading environment file ./debug/environments/Fig1--0.1.xml
10/07/2013 17:44:47     measurement started...
10/07/2013 17:44:57 START logging for run: debug/environments/Fig1--0.1.xml
10/07/2013 17:44:57 reading environment file ./debug/environments/Fig1--0.1.xml
10/07/2013 17:44:57     measurement started...
10/08/2013 01:02:22 START logging for run: debug/environments/Fig1--0.1.xml
10/08/2013 01:02:22 reading environment file ./debug/environments/Fig1--0.1.xml
10/08/2013 01:02:22     measurement started...
10/08/2013 01:03:17 START logging for run: debug/environments/Fig1--0.1.xml
10/08/2013 01:03:17 reading environment file ./debug/environments/Fig1--0.1.xml
10/08/2013 01:03:17     measurement started...
10/08/2013 01:04:02 START logging for run: debug/environments/Fig1--0.1.xml
10/08/2013 01:04:02 reading environment file ./debug/environments/Fig1--0.1.xml
10/08/2013 01:04:02     measurement started...
10/08/2013 01:05:52 START logging for run: debug/environments/Fig1--0.1.xml
10/08/2013 01:05:52 reading environment file ./debug/environments/Fig1--0.1.xml
10/08/2013 01:05:52     measurement started...
10/08/2013 01:05:55 FINISHED logging for run: debug/environments/Fig1--0.1.xml 

10/08/2013 01:06:57 START logging for run: debug/environments/Fig1--0.1.xml
10/08/2013 01:06:57 reading environment file ./debug/environments/Fig1--0.1.xml
10/08/2013 01:06:57     measurement started...
10/08/2013 01:07:00 FINISHED logging for run: debug/environments/Fig1--0.1.xml 

10/08/2013 01:07:40 START logging for run: debug/environments/Fig1--0.1.xml
10/08/2013 01:07:40 reading environment file ./debug/environments/Fig1--0.1.xml
10/08/2013 01:07:40     measurement started...
10/08/2013 01:08:08 FINISHED logging for run: debug/environments/Fig1--0.1.xml 

10/08/2013 01:35:13 START logging for run: debug/environments/Fig1--0.1.xml
10/08/2013 01:35:13 reading environment file ./debug/environments/Fig1--0.1.xml
10/08/2013 01:35:13     measurement started...
10/08/2013 01:35:41 FINISHED logging for run: debug/environments/Fig1--0.1.xml 

10/08/2013 01:36:07 START logging for run: debug/environments/Fig1--0.1.xml
10/08/2013 01:36:07 reading environment file ./debug/environments/Fig1--0.1.xml
10/08/2013 01:36:07     measurement started...
10/08/2013 01:36:18 FINISHED logging for run: debug/environments/Fig1--0.1.xml 

10/08/2013 01:36:36 START logging for run: debug/environments/Fig1--0.1.xml
10/08/2013 01:36:36 reading environment file ./debug/environments/Fig1--0.1.xml
10/08/2013 01:36:36     measurement started...
10/08/2013 01:36:47 FINISHED logging for run: debug/environments/Fig1--0.1.xml 

10/08/2013 01:37:25 START logging for run: debug/environments/Fig1--0.1.xml
10/08/2013 01:37:25 reading environment file ./debug/environments/Fig1--0.1.xml
10/08/2013 01:37:25     measurement started...
10/08/2013 01:37:36 FINISHED logging for run: debug/environments/Fig1--0.1.xml 

10/08/2013 01:38:20 START logging for run: debug/environments/Fig1--0.1.xml
10/08/2013 01:38:20 reading environment file ./debug/environments/Fig1--0.1.xml
10/08/2013 01:38:20     measurement started...
10/08/2013 01:38:49 START logging for run: debug/environments/Fig1--0.1.xml
10/08/2013 01:38:49 reading environment file ./debug/environments/Fig1--0.1.xml
10/08/2013 01:38:49     measurement started...
10/08/2013 01:39:13 START logging for run: debug/environments/Fig1--0.1.xml
10/08/2013 01:39:13 reading environment file ./debug/environments/Fig1--0.1.xml
10/08/2013 01:39:13     measurement started...
10/08/2013 01:39:36 START logging for run: debug/environments/Fig1--0.1.xml
10/08/2013 01:39:36 reading environment file ./debug/environments/Fig1--0.1.xml
10/08/2013 01:39:36     measurement started...
10/08/2013 01:40:01 START logging for run: debug/environments/Fig1--0.1.xml
10/08/2013 01:40:01 reading environment file ./debug/environments/Fig1--0.1.xml
10/08/2013 01:40:01     measurement started...
10/08/2013 01:40:29 START logging for run: debug/environments/Fig1--0.1.xml
10/08/2013 01:40:29 reading environment file ./debug/environments/Fig1--0.1.xml
10/08/2013 01:40:29     measurement started...
10/08/2013 01:41:02 START logging for run: debug/environments/Fig1--0.1.xml
10/08/2013 01:41:02 reading environment file ./debug/environments/Fig1--0.1.xml
10/08/2013 01:41:02     measurement started...
10/08/2013 01:41:37 START logging for run: debug/environments/Fig1--0.1.xml
10/08/2013 01:41:37 reading environment file ./debug/environments/Fig1--0.1.xml
10/08/2013 01:41:37     measurement started...
10/08/2013 01:42:10 START logging for run: debug/environments/Fig1--0.1.xml
10/08/2013 01:42:10 reading environment file ./debug/environments/Fig1--0.1.xml
10/08/2013 01:42:10     measurement started...
10/08/2013 01:42:44 START logging for run: debug/environments/Fig1--0.1.xml
10/08/2013 01:42:44 reading environment file ./debug/environments/Fig1--0.1.xml
10/08/2013 01:42:44     measurement started...
10/08/2013 01:44:31 START logging for run: debug/environments/Fig1--0.1.xml
10/08/2013 01:44:31 reading environment file ./debug/environments/Fig1--0.1.xml
10/08/2013 01:44:31     measurement started...
10/08/2013 01:47:04 START logging for run: debug/environments/Fig1--0.1.xml
10/08/2013 01:47:04 reading environment file ./debug/environments/Fig1--0.1.xml
10/08/2013 01:47:04     measurement started...
10/08/2013 01:47:27 START logging for run: debug/environments/Fig1--0.1.xml
10/08/2013 01:47:27 reading environment file ./debug/environments/Fig1--0.1.xml
10/08/2013 01:47:27     measurement started...
10/08/2013 01:49:06 START logging for run: debug/environments/Fig1--0.1.xml
10/08/2013 01:49:06 reading environment file ./debug/environments/Fig1--0.1.xml
10/08/2013 01:49:06     measurement started...
10/08/2013 01:49:33 START logging for run: debug/environments/Fig1--0.1.xml
10/08/2013 01:49:33 reading environment file ./debug/environments/Fig1--0.1.xml
10/08/2013 01:49:33     measurement started...
10/08/2013 01:49:54 START logging for run: debug/environments/Fig1--0.1.xml
10/08/2013 01:49:54 reading environment file ./debug/environments/Fig1--0.1.xml
10/08/2013 01:49:54     measurement started...
10/08/2013 01:51:43 START logging for run: debug/environments/Fig1--0.1.xml
10/08/2013 01:51:43 reading environment file ./debug/environments/Fig1--0.1.xml
10/08/2013 01:51:43     measurement started...
10/08/2013 01:53:48 START logging for run: debug/environments/Fig1--0.1.xml
10/08/2013 01:53:48 reading environment file ./debug/environments/Fig1--0.1.xml
10/08/2013 01:53:48     measurement started...
10/08/2013 01:55:28 START logging for run: debug/environments/Fig1--0.1.xml
10/08/2013 01:55:28 reading environment file ./debug/environments/Fig1--0.1.xml
10/08/2013 01:55:28     measurement started...
10/08/2013 01:56:51 START logging for run: debug/environments/Fig1--0.1.xml
10/08/2013 01:56:51 reading environment file ./debug/environments/Fig1--0.1.xml
10/08/2013 01:56:51     measurement started...
10/08/2013 01:58:13 START logging for run: debug/environments/Fig1--0.1.xml
10/08/2013 01:58:13 reading environment file ./debug/environments/Fig1--0.1.xml
10/08/2013 01:58:13     measurement started...
10/08/2013 01:59:33 START logging for run: debug/environments/Fig1--0.1.xml
10/08/2013 01:59:33 reading environment file ./debug/environments/Fig1--0.1.xml
10/08/2013 01:59:34     measurement started...
10/08/2013 02:01:52 START logging for run: debug/environments/Fig1--0.1.xml
10/08/2013 02:01:52 reading environment file ./debug/environments/Fig1--0.1.xml
10/08/2013 02:01:52     measurement started...
10/08/2013 02:04:03 START logging for run: debug/environments/Fig1--0.1.xml
10/08/2013 02:04:03 reading environment file ./debug/environments/Fig1--0.1.xml
10/08/2013 02:04:03     measurement started...
10/08/2013 02:06:03 START logging for run: debug/environments/Fig1--0.1.xml
10/08/2013 02:06:03 reading environment file ./debug/environments/Fig1--0.1.xml
10/08/2013 02:06:03     measurement started...
10/08/2013 02:08:41 START logging for run: debug/environments/Fig1--0.1.xml
10/08/2013 02:08:41 reading environment file ./debug/environments/Fig1--0.1.xml
10/08/2013 02:08:41     measurement started...
10/08/2013 02:10:52 START logging for run: debug/environments/Fig1--0.1.xml
10/08/2013 02:10:52 reading environment file ./debug/environments/Fig1--0.1.xml
10/08/2013 02:10:52     measurement started...
10/08/2013 02:14:15 START logging for run: debug/environments/Fig1--0.1.xml
10/08/2013 02:14:15 reading environment file ./debug/environments/Fig1--0.1.xml
10/08/2013 02:14:15     measurement started...
10/08/2013 11:31:40 START logging for run: debug/environments/Fig1--0.1.xml
10/08/2013 11:31:40 reading environment file ./debug/environments/Fig1--0.1.xml
10/08/2013 11:31:40     measurement started...
10/08/2013 11:33:58 START logging for run: debug/environments/Fig1--0.1.xml
10/08/2013 11:33:58 reading environment file ./debug/environments/Fig1--0.1.xml
10/08/2013 11:33:58     measurement started...
10/08/2013 11:34:35 START logging for run: debug/environments/Fig1--0.1.xml
10/08/2013 11:34:35 reading environment file ./debug/environments/Fig1--0.1.xml
10/08/2013 11:34:35     measurement started...
10/08/2013 11:35:03 START logging for run: debug/environments/Fig1--0.1.xml
10/08/2013 11:35:03 reading environment file ./debug/environments/Fig1--0.1.xml
10/08/2013 11:35:03     measurement started...
10/08/2013 11:35:26 START logging for run: debug/environments/Fig1--0.1.xml
10/08/2013 11:35:26 reading environment file ./debug/environments/Fig1--0.1.xml
10/08/2013 11:35:26     measurement started...
10/13/2013 00:31:56 START logging for run: debug/environments/Fig1--0.1.xml
10/13/2013 00:31:56 reading environment file ./debug/environments/Fig1--0.1.xml
10/13/2013 00:31:56     measurement started...
10/13/2013 00:32:08 START logging for run: debug/environments/Fig1--0.1.xml
10/13/2013 00:32:08 reading environment file ./debug/environments/Fig1--0.1.xml
10/13/2013 00:32:08     measurement started...
10/13/2013 00:32:21 START logging for run: debug/environments/Fig1--0.1.xml
10/13/2013 00:32:21 reading environment file ./debug/environments/Fig1--0.1.xml
10/13/2013 00:32:22     measurement started...
10/13/2013 00:32:28 START logging for run: debug/environments/Fig1--0.1.xml
10/13/2013 00:32:28 reading environment file ./debug/environments/Fig1--0.1.xml
10/13/2013 00:32:28     measurement started...
10/13/2013 00:32:44 START logging for run: debug/environments/Fig1--0.1.xml
10/13/2013 00:32:44 reading environment file ./debug/environments/Fig1--0.1.xml
10/13/2013 00:32:44     measurement started...
10/13/2013 00:33:38 START logging for run: debug/environments/Fig1--0.1.xml
10/13/2013 00:33:38 reading environment file ./debug/environments/Fig1--0.1.xml
10/13/2013 00:33:38     measurement started...
10/13/2013 00:33:53 START logging for run: debug/environments/Fig1--0.1.xml
10/13/2013 00:33:53 reading environment file ./debug/environments/Fig1--0.1.xml
10/13/2013 00:33:53     measurement started...
10/13/2013 00:34:07 START logging for run: debug/environments/Fig1--0.1.xml
10/13/2013 00:34:07 reading environment file ./debug/environments/Fig1--0.1.xml
10/13/2013 00:34:07     measurement started...
10/13/2013 00:34:37 START logging for run: debug/environments/Fig1--0.1.xml
10/13/2013 00:34:37 reading environment file ./debug/environments/Fig1--0.1.xml
10/13/2013 00:34:37     measurement started...
10/13/2013 01:03:20 START logging for run: debug/environments/Fig1--0.1.xml
10/13/2013 01:03:20 reading environment file ./debug/environments/Fig1--0.1.xml
10/13/2013 01:03:20     measurement started...
10/13/2013 01:07:14 START logging for run: debug/environments/Fig1--0.1.xml
10/13/2013 01:07:14 reading environment file ./debug/environments/Fig1--0.1.xml
10/13/2013 01:07:14     measurement started...
10/13/2013 01:08:19 START logging for run: debug/environments/Fig1--0.1.xml
10/13/2013 01:08:19 reading environment file ./debug/environments/Fig1--0.1.xml
10/13/2013 01:08:19     measurement started...
10/13/2013 01:08:35 START logging for run: debug/environments/Fig1--0.1.xml
10/13/2013 01:08:35 reading environment file ./debug/environments/Fig1--0.1.xml
10/13/2013 01:08:35     measurement started...
10/13/2013 01:10:02 START logging for run: debug/environments/Fig1--0.1.xml
10/13/2013 01:10:02 reading environment file ./debug/environments/Fig1--0.1.xml
10/13/2013 01:10:02     measurement started...
10/13/2013 01:10:34 START logging for run: debug/environments/Fig1--0.1.xml
10/13/2013 01:10:34 reading environment file ./debug/environments/Fig1--0.1.xml
10/13/2013 01:10:34     measurement started...
10/13/2013 01:12:25 START logging for run: debug/environments/Fig1--0.1.xml
10/13/2013 01:12:25 reading environment file ./debug/environments/Fig1--0.1.xml
10/13/2013 01:12:25     measurement started...
10/13/2013 01:12:51 START logging for run: debug/environments/Fig1--0.1.xml
10/13/2013 01:12:51 reading environment file ./debug/environments/Fig1--0.1.xml
10/13/2013 01:12:52     measurement started...
10/13/2013 01:13:15 START logging for run: debug/environments/Fig1--0.1.xml
10/13/2013 01:13:15 reading environment file ./debug/environments/Fig1--0.1.xml
10/13/2013 01:13:15     measurement started...
10/13/2013 01:13:31 START logging for run: debug/environments/Fig1--0.1.xml
10/13/2013 01:13:31 reading environment file ./debug/environments/Fig1--0.1.xml
10/13/2013 01:13:31     measurement started...
10/13/2013 01:13:54 START logging for run: debug/environments/Fig1--0.1.xml
10/13/2013 01:13:54 reading environment file ./debug/environments/Fig1--0.1.xml
10/13/2013 01:13:54     measurement started...
10/13/2013 01:14:02 START logging for run: debug/environments/Fig1--0.1.xml
10/13/2013 01:14:02 reading environment file ./debug/environments/Fig1--0.1.xml
10/13/2013 01:14:02     measurement started...
10/13/2013 01:15:40 START logging for run: debug/environments/Fig1--0.1.xml
10/13/2013 01:15:40 reading environment file ./debug/environments/Fig1--0.1.xml
10/13/2013 01:15:40     measurement started...
10/13/2013 01:15:59 START logging for run: debug/environments/Fig1--0.1.xml
10/13/2013 01:15:59 reading environment file ./debug/environments/Fig1--0.1.xml
10/13/2013 01:15:59     measurement started...
10/13/2013 01:17:00 START logging for run: debug/environments/Fig1--0.1.xml
10/13/2013 01:17:00 reading environment file ./debug/environments/Fig1--0.1.xml
10/13/2013 01:17:00     measurement started...
10/13/2013 01:17:29 START logging for run: debug/environments/Fig1--0.1.xml
10/13/2013 01:17:29 reading environment file ./debug/environments/Fig1--0.1.xml
10/13/2013 01:17:29     measurement started...
10/13/2013 01:18:02 START logging for run: debug/environments/Fig1--0.1.xml
10/13/2013 01:18:02 reading environment file ./debug/environments/Fig1--0.1.xml
10/13/2013 01:18:02     measurement started...
10/13/2013 01:18:35 START logging for run: debug/environments/Fig1--0.1.xml
10/13/2013 01:18:35 reading environment file ./debug/environments/Fig1--0.1.xml
10/13/2013 01:18:35     measurement started...
10/13/2013 01:19:33 START logging for run: debug/environments/Fig1--0.1.xml
10/13/2013 01:19:33 reading environment file ./debug/environments/Fig1--0.1.xml
10/13/2013 01:19:33     measurement started...
10/13/2013 01:20:03 START logging for run: debug/environments/Fig1--0.1.xml
10/13/2013 01:20:03 reading environment file ./debug/environments/Fig1--0.1.xml
10/13/2013 01:20:03     measurement started...
10/13/2013 01:20:33 START logging for run: debug/environments/Fig1--0.1.xml
10/13/2013 01:20:33 reading environment file ./debug/environments/Fig1--0.1.xml
10/13/2013 01:20:33     measurement started...
10/13/2013 01:22:17 START logging for run: debug/environments/Fig1--0.1.xml
10/13/2013 01:22:17 reading environment file ./debug/environments/Fig1--0.1.xml
10/13/2013 01:22:17     measurement started...
10/13/2013 01:22:41 START logging for run: debug/environments/Fig1--0.1.xml
10/13/2013 01:22:41 reading environment file ./debug/environments/Fig1--0.1.xml
10/13/2013 01:22:41     measurement started...
10/13/2013 01:23:14 START logging for run: debug/environments/Fig1--0.1.xml
10/13/2013 01:23:14 reading environment file ./debug/environments/Fig1--0.1.xml
10/13/2013 01:23:14     measurement started...
10/13/2013 01:24:15 START logging for run: debug/environments/Fig1--0.1.xml
10/13/2013 01:24:15 reading environment file ./debug/environments/Fig1--0.1.xml
10/13/2013 01:24:15     measurement started...
10/13/2013 01:26:56 START logging for run: debug/environments/Fig1--0.1.xml
10/13/2013 01:26:56 reading environment file ./debug/environments/Fig1--0.1.xml
10/13/2013 01:26:56     measurement started...
10/13/2013 01:31:00 START logging for run: debug/environments/Fig1--0.1.xml
10/13/2013 01:31:00 reading environment file ./debug/environments/Fig1--0.1.xml
10/13/2013 01:31:00     measurement started...
10/13/2013 01:34:14 START logging for run: debug/environments/Fig1--0.1.xml
10/13/2013 01:34:14 reading environment file ./debug/environments/Fig1--0.1.xml
10/13/2013 01:34:14     measurement started...
10/13/2013 01:37:30 START logging for run: debug/environments/Fig1--0.1.xml
10/13/2013 01:37:30 reading environment file ./debug/environments/Fig1--0.1.xml
10/13/2013 01:37:30     measurement started...
10/13/2013 01:46:52 START logging for run: debug/environments/Fig1--0.1.xml
10/13/2013 01:46:52 reading environment file ./debug/environments/Fig1--0.1.xml
10/13/2013 01:46:52     measurement started...
10/13/2013 01:48:02 START logging for run: debug/environments/Fig1--0.1.xml
10/13/2013 01:48:02 reading environment file ./debug/environments/Fig1--0.1.xml
10/13/2013 01:48:02     measurement started...
10/13/2013 01:48:10 START logging for run: debug/environments/Fig1--0.1.xml
10/13/2013 01:48:10 reading environment file ./debug/environments/Fig1--0.1.xml
10/13/2013 01:48:10     measurement started...
10/13/2013 02:01:08 START logging for run: debug/environments/Fig1--0.1.xml
10/13/2013 02:01:08 reading environment file ./debug/environments/Fig1--0.1.xml
10/13/2013 02:01:08     measurement started...
10/13/2013 02:06:27 START logging for run: debug/environments/Fig1--0.1.xml
10/13/2013 02:06:27 reading environment file ./debug/environments/Fig1--0.1.xml
10/13/2013 02:06:27     measurement started...
10/13/2013 02:06:55 START logging for run: debug/environments/Fig1--0.1.xml
10/13/2013 02:06:55 reading environment file ./debug/environments/Fig1--0.1.xml
10/13/2013 02:06:55     measurement started...
10/13/2013 02:08:57 START logging for run: debug/environments/Fig1--0.1.xml
10/13/2013 02:08:57 reading environment file ./debug/environments/Fig1--0.1.xml
10/13/2013 02:08:57     measurement started...
10/13/2013 02:30:38 START logging for run: debug/environments/Fig1--0.1.xml
10/13/2013 02:30:38 reading environment file ./debug/environments/Fig1--0.1.xml
10/13/2013 02:30:38     measurement started...
10/13/2013 02:31:31 START logging for run: debug/environments/Fig1--0.1.xml
10/13/2013 02:31:31 reading environment file ./debug/environments/Fig1--0.1.xml
10/13/2013 02:31:31     measurement started...
10/13/2013 02:32:05 START logging for run: debug/environments/Fig1--0.1.xml
10/13/2013 02:32:05 reading environment file ./debug/environments/Fig1--0.1.xml
10/13/2013 02:32:05     measurement started...
10/13/2013 02:34:46 START logging for run: debug/environments/Fig1--0.1.xml
10/13/2013 02:34:46 reading environment file ./debug/environments/Fig1--0.1.xml
10/13/2013 02:34:46     measurement started...
10/13/2013 02:34:54 START logging for run: debug/environments/Fig1--0.1.xml
10/13/2013 02:34:54 reading environment file ./debug/environments/Fig1--0.1.xml
10/13/2013 02:34:54     measurement started...
10/13/2013 02:40:33 START logging for run: debug/environments/Fig1--0.1.xml
10/13/2013 02:40:33 reading environment file ./debug/environments/Fig1--0.1.xml
10/13/2013 02:40:33     measurement started...
10/13/2013 02:40:36 START logging for run: debug/environments/Fig1--0.1.xml
10/13/2013 02:40:36 reading environment file ./debug/environments/Fig1--0.1.xml
10/13/2013 02:40:36     measurement started...
10/13/2013 02:45:33 START logging for run: debug/environments/Fig1--0.1.xml
10/13/2013 02:45:33 reading environment file ./debug/environments/Fig1--0.1.xml
10/13/2013 02:45:33     measurement started...
10/13/2013 02:45:42 START logging for run: debug/environments/Fig1--0.1.xml
10/13/2013 02:45:42 reading environment file ./debug/environments/Fig1--0.1.xml
10/13/2013 02:45:42     measurement started...
10/20/2013 11:20:34 START logging for run: debug/environments/Fig1--0.1.xml
10/20/2013 11:20:34 reading environment file ./debug/environments/Fig1--0.1.xml
10/20/2013 11:20:34     measurement started...
10/20/2013 11:21:08 START logging for run: debug/environments/Fig1--0.1.xml
10/20/2013 11:21:08 reading environment file ./debug/environments/Fig1--0.1.xml
10/20/2013 11:21:08     measurement started...
10/20/2013 11:21:35 START logging for run: debug/environments/Fig1--0.1.xml
10/20/2013 11:21:35 reading environment file ./debug/environments/Fig1--0.1.xml
10/20/2013 11:21:35     measurement started...
10/20/2013 11:23:12 START logging for run: debug/environments/Fig1--0.1.xml
10/20/2013 11:23:12 reading environment file ./debug/environments/Fig1--0.1.xml
10/20/2013 11:23:12     measurement started...
10/20/2013 11:23:12     ...measurement written
10/20/2013 11:23:12 FINISHED logging for run: debug/environments/Fig1--0.1.xml 

10/20/2013 11:24:27 START logging for run: debug/environments/Fig1--0.1.xml
10/20/2013 11:24:27 reading environment file ./debug/environments/Fig1--0.1.xml
10/20/2013 11:24:27     measurement started...
10/20/2013 11:24:27     ...measurement written
10/20/2013 11:24:27 FINISHED logging for run: debug/environments/Fig1--0.1.xml 

