10/06/2013 11:02:53 START logging for run: debug/environments/Fig1--0.25-0.75-0.1.xml
10/06/2013 11:02:53 reading environment file ./debug/environments/Fig1--0.25-0.75-0.1.xml
10/06/2013 11:02:53     measurement started...
10/06/2013 11:03:03     ...measurement written
10/06/2013 11:03:03 FINISHED logging for run: debug/environments/Fig1--0.25-0.75-0.1.xml 

10/06/2013 11:24:11 START logging for run: debug/environments/Fig1--0.25-0.75-0.1.xml
10/06/2013 11:24:11 reading environment file ./debug/environments/Fig1--0.25-0.75-0.1.xml
10/06/2013 11:24:12     measurement started...
10/06/2013 11:24:16     ...measurement written
10/06/2013 11:24:16 FINISHED logging for run: debug/environments/Fig1--0.25-0.75-0.1.xml 

10/06/2013 11:24:31 START logging for run: debug/environments/Fig1--0.25-0.75-0.1.xml
10/06/2013 11:24:31 reading environment file ./debug/environments/Fig1--0.25-0.75-0.1.xml
10/06/2013 11:24:31     measurement started...
10/06/2013 11:24:44     ...measurement written
10/06/2013 11:24:44 FINISHED logging for run: debug/environments/Fig1--0.25-0.75-0.1.xml 

10/06/2013 11:28:15 START logging for run: debug/environments/Fig1--0.25-0.75-0.1.xml
10/06/2013 11:28:15 reading environment file ./debug/environments/Fig1--0.25-0.75-0.1.xml
10/06/2013 11:28:15     measurement started...
10/06/2013 11:28:27     ...measurement written
10/06/2013 11:28:27 FINISHED logging for run: debug/environments/Fig1--0.25-0.75-0.1.xml 

10/06/2013 11:28:47 START logging for run: debug/environments/Fig1--0.25-0.75-0.1.xml
10/06/2013 11:28:47 reading environment file ./debug/environments/Fig1--0.25-0.75-0.1.xml
10/06/2013 11:28:47     measurement started...
10/06/2013 11:28:56     ...measurement written
10/06/2013 11:28:56 FINISHED logging for run: debug/environments/Fig1--0.25-0.75-0.1.xml 

10/06/2013 11:30:01 START logging for run: debug/environments/Fig1--0.25-0.75-0.1.xml
10/06/2013 11:30:01 reading environment file ./debug/environments/Fig1--0.25-0.75-0.1.xml
10/06/2013 11:30:01     measurement started...
10/06/2013 11:30:07     ...measurement written
10/06/2013 11:30:08 FINISHED logging for run: debug/environments/Fig1--0.25-0.75-0.1.xml 

10/06/2013 11:30:17 START logging for run: debug/environments/Fig1--0.25-0.75-0.1.xml
10/06/2013 11:30:17 reading environment file ./debug/environments/Fig1--0.25-0.75-0.1.xml
10/06/2013 11:30:17     measurement started...
10/06/2013 11:30:24     ...measurement written
10/06/2013 11:30:24 FINISHED logging for run: debug/environments/Fig1--0.25-0.75-0.1.xml 

10/06/2013 11:30:32 START logging for run: debug/environments/Fig1--0.25-0.75-0.1.xml
10/06/2013 11:30:32 reading environment file ./debug/environments/Fig1--0.25-0.75-0.1.xml
10/06/2013 11:30:32     measurement started...
10/06/2013 11:30:44     ...measurement written
10/06/2013 11:30:44 FINISHED logging for run: debug/environments/Fig1--0.25-0.75-0.1.xml 

10/06/2013 11:31:08 START logging for run: debug/environments/Fig1--0.25-0.75-0.1.xml
10/06/2013 11:31:08 reading environment file ./debug/environments/Fig1--0.25-0.75-0.1.xml
10/06/2013 11:31:09     measurement started...
10/06/2013 11:31:15     ...measurement written
10/06/2013 11:31:15 FINISHED logging for run: debug/environments/Fig1--0.25-0.75-0.1.xml 

10/06/2013 11:31:31 START logging for run: debug/environments/Fig1--0.25-0.75-0.1.xml
10/06/2013 11:31:31 reading environment file ./debug/environments/Fig1--0.25-0.75-0.1.xml
10/06/2013 11:31:32     measurement started...
10/06/2013 11:31:38     ...measurement written
10/06/2013 11:31:38 FINISHED logging for run: debug/environments/Fig1--0.25-0.75-0.1.xml 

10/06/2013 11:31:53 START logging for run: debug/environments/Fig1--0.25-0.75-0.1.xml
10/06/2013 11:31:53 reading environment file ./debug/environments/Fig1--0.25-0.75-0.1.xml
10/06/2013 11:31:54     measurement started...
10/06/2013 11:32:01     ...measurement written
10/06/2013 11:32:01 FINISHED logging for run: debug/environments/Fig1--0.25-0.75-0.1.xml 

10/06/2013 11:32:14 START logging for run: debug/environments/Fig1--0.25-0.75-0.1.xml
10/06/2013 11:32:14 reading environment file ./debug/environments/Fig1--0.25-0.75-0.1.xml
10/06/2013 11:32:15     measurement started...
10/06/2013 11:32:19     ...measurement written
10/06/2013 11:32:19 FINISHED logging for run: debug/environments/Fig1--0.25-0.75-0.1.xml 

10/06/2013 11:32:30 START logging for run: debug/environments/Fig1--0.25-0.75-0.1.xml
10/06/2013 11:32:30 reading environment file ./debug/environments/Fig1--0.25-0.75-0.1.xml
10/06/2013 11:32:31     measurement started...
10/06/2013 11:32:35     ...measurement written
10/06/2013 11:32:35 FINISHED logging for run: debug/environments/Fig1--0.25-0.75-0.1.xml 

10/06/2013 11:32:43 START logging for run: debug/environments/Fig1--0.25-0.75-0.1.xml
10/06/2013 11:32:43 reading environment file ./debug/environments/Fig1--0.25-0.75-0.1.xml
10/06/2013 11:32:43     measurement started...
10/06/2013 11:32:48     ...measurement written
10/06/2013 11:32:48 FINISHED logging for run: debug/environments/Fig1--0.25-0.75-0.1.xml 

10/06/2013 11:33:10 START logging for run: debug/environments/Fig1--0.25-0.75-0.1.xml
10/06/2013 11:33:10 reading environment file ./debug/environments/Fig1--0.25-0.75-0.1.xml
10/06/2013 11:33:10     measurement started...
10/06/2013 11:33:15     ...measurement written
10/06/2013 11:33:15 FINISHED logging for run: debug/environments/Fig1--0.25-0.75-0.1.xml 

10/06/2013 15:21:17 START logging for run: debug/environments/Fig1--0.25-0.75-0.1.xml
10/06/2013 15:21:17 reading environment file ./debug/environments/Fig1--0.25-0.75-0.1.xml
10/06/2013 15:21:18     measurement started...
10/06/2013 15:21:22     ...measurement written
10/06/2013 15:21:22 FINISHED logging for run: debug/environments/Fig1--0.25-0.75-0.1.xml 

10/06/2013 15:23:43 START logging for run: debug/environments/Fig1--0.25-0.75-0.1.xml
10/06/2013 15:23:43 reading environment file ./debug/environments/Fig1--0.25-0.75-0.1.xml
10/06/2013 15:23:44     measurement started...
10/06/2013 15:23:48     ...measurement written
10/06/2013 15:23:48 FINISHED logging for run: debug/environments/Fig1--0.25-0.75-0.1.xml 

10/06/2013 15:24:12 START logging for run: debug/environments/Fig1--0.25-0.75-0.1.xml
10/06/2013 15:24:12 reading environment file ./debug/environments/Fig1--0.25-0.75-0.1.xml
10/06/2013 15:24:12     measurement started...
10/06/2013 15:24:14     ...measurement written
10/06/2013 15:24:14 FINISHED logging for run: debug/environments/Fig1--0.25-0.75-0.1.xml 

10/06/2013 15:24:26 START logging for run: debug/environments/Fig1--0.25-0.75-0.1.xml
10/06/2013 15:24:26 reading environment file ./debug/environments/Fig1--0.25-0.75-0.1.xml
10/06/2013 15:24:28     measurement started...
10/06/2013 15:24:42     ...measurement written
10/06/2013 15:24:42 FINISHED logging for run: debug/environments/Fig1--0.25-0.75-0.1.xml 

10/06/2013 15:24:58 START logging for run: debug/environments/Fig1--0.25-0.75-0.1.xml
10/06/2013 15:24:58 reading environment file ./debug/environments/Fig1--0.25-0.75-0.1.xml
10/06/2013 15:24:59     measurement started...
10/06/2013 15:25:14     ...measurement written
10/06/2013 15:25:14 FINISHED logging for run: debug/environments/Fig1--0.25-0.75-0.1.xml 

10/06/2013 15:25:29 START logging for run: debug/environments/Fig1--0.25-0.75-0.1.xml
10/06/2013 15:25:29 reading environment file ./debug/environments/Fig1--0.25-0.75-0.1.xml
10/06/2013 15:25:31     measurement started...
10/06/2013 15:25:45     ...measurement written
10/06/2013 15:25:45 FINISHED logging for run: debug/environments/Fig1--0.25-0.75-0.1.xml 

10/06/2013 15:26:00 START logging for run: debug/environments/Fig1--0.25-0.75-0.1.xml
10/06/2013 15:26:00 reading environment file ./debug/environments/Fig1--0.25-0.75-0.1.xml
10/06/2013 15:26:00     measurement started...
10/06/2013 15:26:04     ...measurement written
10/06/2013 15:26:04 FINISHED logging for run: debug/environments/Fig1--0.25-0.75-0.1.xml 

10/06/2013 15:26:12 START logging for run: debug/environments/Fig1--0.25-0.75-0.1.xml
10/06/2013 15:26:12 reading environment file ./debug/environments/Fig1--0.25-0.75-0.1.xml
10/06/2013 15:26:13     measurement started...
10/06/2013 15:26:19     ...measurement written
10/06/2013 15:26:19 FINISHED logging for run: debug/environments/Fig1--0.25-0.75-0.1.xml 

10/06/2013 15:26:25 START logging for run: debug/environments/Fig1--0.25-0.75-0.1.xml
10/06/2013 15:26:25 reading environment file ./debug/environments/Fig1--0.25-0.75-0.1.xml
10/06/2013 15:26:26     measurement started...
10/06/2013 15:26:38     ...measurement written
10/06/2013 15:26:38 FINISHED logging for run: debug/environments/Fig1--0.25-0.75-0.1.xml 

10/06/2013 15:26:47 START logging for run: debug/environments/Fig1--0.25-0.75-0.1.xml
10/06/2013 15:26:47 reading environment file ./debug/environments/Fig1--0.25-0.75-0.1.xml
10/06/2013 15:26:49     measurement started...
10/06/2013 15:27:03     ...measurement written
10/06/2013 15:27:03 FINISHED logging for run: debug/environments/Fig1--0.25-0.75-0.1.xml 

10/06/2013 15:27:09 START logging for run: debug/environments/Fig1--0.25-0.75-0.1.xml
10/06/2013 15:27:09 reading environment file ./debug/environments/Fig1--0.25-0.75-0.1.xml
10/06/2013 15:27:10     measurement started...
10/06/2013 15:27:25     ...measurement written
10/06/2013 15:27:25 FINISHED logging for run: debug/environments/Fig1--0.25-0.75-0.1.xml 

10/06/2013 15:27:33 START logging for run: debug/environments/Fig1--0.25-0.75-0.1.xml
10/06/2013 15:27:33 reading environment file ./debug/environments/Fig1--0.25-0.75-0.1.xml
10/06/2013 15:27:35     measurement started...
10/06/2013 15:27:50     ...measurement written
10/06/2013 15:27:50 FINISHED logging for run: debug/environments/Fig1--0.25-0.75-0.1.xml 

10/06/2013 15:27:57 START logging for run: debug/environments/Fig1--0.25-0.75-0.1.xml
10/06/2013 15:27:57 reading environment file ./debug/environments/Fig1--0.25-0.75-0.1.xml
10/06/2013 15:27:58     measurement started...
10/06/2013 15:28:13     ...measurement written
10/06/2013 15:28:13 FINISHED logging for run: debug/environments/Fig1--0.25-0.75-0.1.xml 

10/06/2013 15:28:18 START logging for run: debug/environments/Fig1--0.25-0.75-0.1.xml
10/06/2013 15:28:18 reading environment file ./debug/environments/Fig1--0.25-0.75-0.1.xml
10/06/2013 15:28:20     measurement started...
10/06/2013 15:28:34     ...measurement written
10/06/2013 15:28:34 FINISHED logging for run: debug/environments/Fig1--0.25-0.75-0.1.xml 

10/06/2013 15:28:45 START logging for run: debug/environments/Fig1--0.25-0.75-0.1.xml
10/06/2013 15:28:45 reading environment file ./debug/environments/Fig1--0.25-0.75-0.1.xml
10/06/2013 15:28:47     measurement started...
10/06/2013 15:29:01     ...measurement written
10/06/2013 15:29:01 FINISHED logging for run: debug/environments/Fig1--0.25-0.75-0.1.xml 

10/06/2013 15:29:10 START logging for run: debug/environments/Fig1--0.25-0.75-0.1.xml
10/06/2013 15:29:10 reading environment file ./debug/environments/Fig1--0.25-0.75-0.1.xml
10/06/2013 15:29:12     measurement started...
10/06/2013 15:29:27     ...measurement written
10/06/2013 15:29:27 FINISHED logging for run: debug/environments/Fig1--0.25-0.75-0.1.xml 

10/06/2013 15:29:39 START logging for run: debug/environments/Fig1--0.25-0.75-0.1.xml
10/06/2013 15:29:39 reading environment file ./debug/environments/Fig1--0.25-0.75-0.1.xml
10/06/2013 15:29:41     measurement started...
10/06/2013 15:29:55     ...measurement written
10/06/2013 15:29:55 FINISHED logging for run: debug/environments/Fig1--0.25-0.75-0.1.xml 

10/06/2013 15:30:02 START logging for run: debug/environments/Fig1--0.25-0.75-0.1.xml
10/06/2013 15:30:02 reading environment file ./debug/environments/Fig1--0.25-0.75-0.1.xml
10/06/2013 15:30:04     measurement started...
10/06/2013 15:30:19     ...measurement written
10/06/2013 15:30:19 FINISHED logging for run: debug/environments/Fig1--0.25-0.75-0.1.xml 

10/06/2013 15:30:23 START logging for run: debug/environments/Fig1--0.25-0.75-0.1.xml
10/06/2013 15:30:23 reading environment file ./debug/environments/Fig1--0.25-0.75-0.1.xml
10/06/2013 15:30:25     measurement started...
10/06/2013 15:30:39     ...measurement written
10/06/2013 15:30:39 FINISHED logging for run: debug/environments/Fig1--0.25-0.75-0.1.xml 

10/06/2013 15:30:47 START logging for run: debug/environments/Fig1--0.25-0.75-0.1.xml
10/06/2013 15:30:47 reading environment file ./debug/environments/Fig1--0.25-0.75-0.1.xml
10/06/2013 15:30:49     measurement started...
10/06/2013 15:31:04     ...measurement written
10/06/2013 15:31:04 FINISHED logging for run: debug/environments/Fig1--0.25-0.75-0.1.xml 

10/06/2013 15:31:08 START logging for run: debug/environments/Fig1--0.25-0.75-0.1.xml
10/06/2013 15:31:08 reading environment file ./debug/environments/Fig1--0.25-0.75-0.1.xml
10/06/2013 15:31:10     measurement started...
10/06/2013 15:31:24     ...measurement written
10/06/2013 15:31:24 FINISHED logging for run: debug/environments/Fig1--0.25-0.75-0.1.xml 

10/06/2013 15:31:29 START logging for run: debug/environments/Fig1--0.25-0.75-0.1.xml
10/06/2013 15:31:29 reading environment file ./debug/environments/Fig1--0.25-0.75-0.1.xml
10/06/2013 15:31:31     measurement started...
10/06/2013 15:31:46     ...measurement written
10/06/2013 15:31:46 FINISHED logging for run: debug/environments/Fig1--0.25-0.75-0.1.xml 

10/06/2013 15:32:05 START logging for run: debug/environments/Fig1--0.25-0.75-0.1.xml
10/06/2013 15:32:05 reading environment file ./debug/environments/Fig1--0.25-0.75-0.1.xml
10/06/2013 15:32:07     measurement started...
10/06/2013 15:32:28     ...measurement written
10/06/2013 15:32:28 FINISHED logging for run: debug/environments/Fig1--0.25-0.75-0.1.xml 

10/06/2013 15:32:32 START logging for run: debug/environments/Fig1--0.25-0.75-0.1.xml
10/06/2013 15:32:32 reading environment file ./debug/environments/Fig1--0.25-0.75-0.1.xml
10/06/2013 15:32:34     measurement started...
10/06/2013 15:32:55     ...measurement written
10/06/2013 15:32:55 FINISHED logging for run: debug/environments/Fig1--0.25-0.75-0.1.xml 

10/06/2013 15:32:58 START logging for run: debug/environments/Fig1--0.25-0.75-0.1.xml
10/06/2013 15:32:58 reading environment file ./debug/environments/Fig1--0.25-0.75-0.1.xml
10/06/2013 15:33:00     measurement started...
10/06/2013 15:33:21     ...measurement written
10/06/2013 15:33:21 FINISHED logging for run: debug/environments/Fig1--0.25-0.75-0.1.xml 

10/06/2013 15:33:41 START logging for run: debug/environments/Fig1--0.25-0.75-0.1.xml
10/06/2013 15:33:41 reading environment file ./debug/environments/Fig1--0.25-0.75-0.1.xml
10/06/2013 15:33:43     measurement started...
10/06/2013 15:34:04     ...measurement written
10/06/2013 15:34:04 FINISHED logging for run: debug/environments/Fig1--0.25-0.75-0.1.xml 

10/06/2013 15:34:13 START logging for run: debug/environments/Fig1--0.25-0.75-0.1.xml
10/06/2013 15:34:13 reading environment file ./debug/environments/Fig1--0.25-0.75-0.1.xml
10/06/2013 15:34:14     measurement started...
10/06/2013 15:34:32     ...measurement written
10/06/2013 15:34:32 FINISHED logging for run: debug/environments/Fig1--0.25-0.75-0.1.xml 

10/06/2013 15:34:41 START logging for run: debug/environments/Fig1--0.25-0.75-0.1.xml
10/06/2013 15:34:41 reading environment file ./debug/environments/Fig1--0.25-0.75-0.1.xml
10/06/2013 15:34:42     measurement started...
10/06/2013 15:35:00     ...measurement written
10/06/2013 15:35:00 FINISHED logging for run: debug/environments/Fig1--0.25-0.75-0.1.xml 

10/06/2013 15:35:09 START logging for run: debug/environments/Fig1--0.25-0.75-0.1.xml
10/06/2013 15:35:09 reading environment file ./debug/environments/Fig1--0.25-0.75-0.1.xml
10/06/2013 15:35:09     measurement started...
10/06/2013 15:35:15     ...measurement written
10/06/2013 15:35:15 FINISHED logging for run: debug/environments/Fig1--0.25-0.75-0.1.xml 

10/06/2013 15:35:33 START logging for run: debug/environments/Fig1--0.25-0.75-0.1.xml
10/06/2013 15:35:33 reading environment file ./debug/environments/Fig1--0.25-0.75-0.1.xml
10/06/2013 15:35:33     measurement started...
10/06/2013 15:35:44     ...measurement written
10/06/2013 15:35:44 FINISHED logging for run: debug/environments/Fig1--0.25-0.75-0.1.xml 

10/06/2013 15:36:17 START logging for run: debug/environments/Fig1--0.25-0.75-0.1.xml
10/06/2013 15:36:17 reading environment file ./debug/environments/Fig1--0.25-0.75-0.1.xml
10/06/2013 15:36:17     measurement started...
10/06/2013 15:36:28     ...measurement written
10/06/2013 15:36:28 FINISHED logging for run: debug/environments/Fig1--0.25-0.75-0.1.xml 

10/06/2013 15:37:13 START logging for run: debug/environments/Fig1--0.25-0.75-0.1.xml
10/06/2013 15:37:13 reading environment file ./debug/environments/Fig1--0.25-0.75-0.1.xml
10/06/2013 15:37:13     measurement started...
10/06/2013 15:37:19     ...measurement written
10/06/2013 15:37:19 FINISHED logging for run: debug/environments/Fig1--0.25-0.75-0.1.xml 

10/06/2013 15:37:30 START logging for run: debug/environments/Fig1--0.25-0.75-0.1.xml
10/06/2013 15:37:30 reading environment file ./debug/environments/Fig1--0.25-0.75-0.1.xml
10/06/2013 15:37:32     measurement started...
10/06/2013 15:37:53     ...measurement written
10/06/2013 15:37:53 FINISHED logging for run: debug/environments/Fig1--0.25-0.75-0.1.xml 

10/06/2013 15:38:03 START logging for run: debug/environments/Fig1--0.25-0.75-0.1.xml
10/06/2013 15:38:03 reading environment file ./debug/environments/Fig1--0.25-0.75-0.1.xml
10/06/2013 15:38:05     measurement started...
10/06/2013 15:38:26     ...measurement written
10/06/2013 15:38:26 FINISHED logging for run: debug/environments/Fig1--0.25-0.75-0.1.xml 

10/06/2013 15:38:36 START logging for run: debug/environments/Fig1--0.25-0.75-0.1.xml
10/06/2013 15:38:36 reading environment file ./debug/environments/Fig1--0.25-0.75-0.1.xml
10/06/2013 15:38:37     measurement started...
10/06/2013 15:38:58     ...measurement written
10/06/2013 15:38:58 FINISHED logging for run: debug/environments/Fig1--0.25-0.75-0.1.xml 

10/06/2013 15:39:58 START logging for run: debug/environments/Fig1--0.25-0.75-0.1.xml
10/06/2013 15:39:58 reading environment file ./debug/environments/Fig1--0.25-0.75-0.1.xml
10/06/2013 15:40:00     measurement started...
10/06/2013 15:40:21     ...measurement written
10/06/2013 15:40:21 FINISHED logging for run: debug/environments/Fig1--0.25-0.75-0.1.xml 

10/06/2013 15:40:43 START logging for run: debug/environments/Fig1--0.25-0.75-0.1.xml
10/06/2013 15:40:43 reading environment file ./debug/environments/Fig1--0.25-0.75-0.1.xml
10/06/2013 15:40:43     measurement started...
10/06/2013 15:40:51     ...measurement written
10/06/2013 15:40:51 FINISHED logging for run: debug/environments/Fig1--0.25-0.75-0.1.xml 

10/06/2013 15:40:58 START logging for run: debug/environments/Fig1--0.25-0.75-0.1.xml
10/06/2013 15:40:58 reading environment file ./debug/environments/Fig1--0.25-0.75-0.1.xml
10/06/2013 15:40:58     measurement started...
10/06/2013 15:41:02     ...measurement written
10/06/2013 15:41:02 FINISHED logging for run: debug/environments/Fig1--0.25-0.75-0.1.xml 

10/06/2013 15:41:17 START logging for run: debug/environments/Fig1--0.25-0.75-0.1.xml
10/06/2013 15:41:17 reading environment file ./debug/environments/Fig1--0.25-0.75-0.1.xml
10/06/2013 15:41:17     measurement started...
10/06/2013 15:41:21     ...measurement written
10/06/2013 15:41:21 FINISHED logging for run: debug/environments/Fig1--0.25-0.75-0.1.xml 

10/06/2013 15:41:37 START logging for run: debug/environments/Fig1--0.25-0.75-0.1.xml
10/06/2013 15:41:37 reading environment file ./debug/environments/Fig1--0.25-0.75-0.1.xml
10/06/2013 15:41:37     measurement started...
10/06/2013 15:41:41     ...measurement written
10/06/2013 15:41:41 FINISHED logging for run: debug/environments/Fig1--0.25-0.75-0.1.xml 

10/06/2013 15:41:51 START logging for run: debug/environments/Fig1--0.25-0.75-0.1.xml
10/06/2013 15:41:51 reading environment file ./debug/environments/Fig1--0.25-0.75-0.1.xml
10/06/2013 15:41:52     measurement started...
10/06/2013 15:41:57     ...measurement written
10/06/2013 15:41:57 FINISHED logging for run: debug/environments/Fig1--0.25-0.75-0.1.xml 

10/06/2013 15:42:02 START logging for run: debug/environments/Fig1--0.25-0.75-0.1.xml
10/06/2013 15:42:02 reading environment file ./debug/environments/Fig1--0.25-0.75-0.1.xml
10/06/2013 15:42:03     measurement started...
10/06/2013 15:42:11     ...measurement written
10/06/2013 15:42:11 FINISHED logging for run: debug/environments/Fig1--0.25-0.75-0.1.xml 

10/06/2013 15:42:15 START logging for run: debug/environments/Fig1--0.25-0.75-0.1.xml
10/06/2013 15:42:15 reading environment file ./debug/environments/Fig1--0.25-0.75-0.1.xml
10/06/2013 15:42:16     measurement started...
10/06/2013 15:42:28     ...measurement written
10/06/2013 15:42:28 FINISHED logging for run: debug/environments/Fig1--0.25-0.75-0.1.xml 

10/06/2013 15:42:37 START logging for run: debug/environments/Fig1--0.25-0.75-0.1.xml
10/06/2013 15:42:37 reading environment file ./debug/environments/Fig1--0.25-0.75-0.1.xml
10/06/2013 15:42:39     measurement started...
10/06/2013 15:42:53     ...measurement written
10/06/2013 15:42:53 FINISHED logging for run: debug/environments/Fig1--0.25-0.75-0.1.xml 

10/06/2013 15:43:07 START logging for run: debug/environments/Fig1--0.25-0.75-0.1.xml
10/06/2013 15:43:07 reading environment file ./debug/environments/Fig1--0.25-0.75-0.1.xml
10/06/2013 15:43:09     measurement started...
10/06/2013 15:43:23     ...measurement written
10/06/2013 15:43:23 FINISHED logging for run: debug/environments/Fig1--0.25-0.75-0.1.xml 

10/06/2013 15:43:31 START logging for run: debug/environments/Fig1--0.25-0.75-0.1.xml
10/06/2013 15:43:31 reading environment file ./debug/environments/Fig1--0.25-0.75-0.1.xml
10/06/2013 15:43:32     measurement started...
10/06/2013 15:43:47     ...measurement written
10/06/2013 15:43:47 FINISHED logging for run: debug/environments/Fig1--0.25-0.75-0.1.xml 

10/06/2013 16:23:21 START logging for run: debug/environments/Fig1--0.25-0.75-0.1.xml
10/06/2013 16:23:21 reading environment file ./debug/environments/Fig1--0.25-0.75-0.1.xml
10/06/2013 16:23:21     measurement started...
10/06/2013 16:23:27     ...measurement written
10/06/2013 16:23:27 FINISHED logging for run: debug/environments/Fig1--0.25-0.75-0.1.xml 

10/06/2013 16:23:56 START logging for run: debug/environments/Fig1--0.25-0.75-0.1.xml
10/06/2013 16:23:56 reading environment file ./debug/environments/Fig1--0.25-0.75-0.1.xml
10/06/2013 16:23:56     measurement started...
10/06/2013 16:24:04     ...measurement written
10/06/2013 16:24:04 FINISHED logging for run: debug/environments/Fig1--0.25-0.75-0.1.xml 

10/06/2013 16:24:14 START logging for run: debug/environments/Fig1--0.25-0.75-0.1.xml
10/06/2013 16:24:14 reading environment file ./debug/environments/Fig1--0.25-0.75-0.1.xml
10/06/2013 16:24:14     measurement started...
10/06/2013 16:24:25     ...measurement written
10/06/2013 16:24:25 FINISHED logging for run: debug/environments/Fig1--0.25-0.75-0.1.xml 

10/06/2013 16:24:43 START logging for run: debug/environments/Fig1--0.25-0.75-0.1.xml
10/06/2013 16:24:43 reading environment file ./debug/environments/Fig1--0.25-0.75-0.1.xml
10/06/2013 16:24:43     measurement started...
10/06/2013 16:24:55     ...measurement written
10/06/2013 16:24:55 FINISHED logging for run: debug/environments/Fig1--0.25-0.75-0.1.xml 

10/06/2013 16:25:09 START logging for run: debug/environments/Fig1--0.25-0.75-0.1.xml
10/06/2013 16:25:09 reading environment file ./debug/environments/Fig1--0.25-0.75-0.1.xml
10/06/2013 16:25:09     measurement started...
10/06/2013 16:25:20     ...measurement written
10/06/2013 16:25:20 FINISHED logging for run: debug/environments/Fig1--0.25-0.75-0.1.xml 

10/06/2013 16:25:41 START logging for run: debug/environments/Fig1--0.25-0.75-0.1.xml
10/06/2013 16:25:41 reading environment file ./debug/environments/Fig1--0.25-0.75-0.1.xml
10/06/2013 16:25:42     measurement started...
10/06/2013 16:26:03     ...measurement written
10/06/2013 16:26:03 FINISHED logging for run: debug/environments/Fig1--0.25-0.75-0.1.xml 

10/07/2013 12:07:15 START logging for run: debug/environments/Fig1--0.25-0.75-0.1.xml
10/07/2013 12:07:15 reading environment file ./debug/environments/Fig1--0.25-0.75-0.1.xml
10/07/2013 12:07:17     measurement started...
10/07/2013 12:07:46 START logging for run: debug/environments/Fig1--0.25-0.75-0.1.xml
10/07/2013 12:07:46 reading environment file ./debug/environments/Fig1--0.25-0.75-0.1.xml
10/07/2013 12:07:47     measurement started...
10/07/2013 12:07:47     ...measurement written
10/07/2013 12:07:47 FINISHED logging for run: debug/environments/Fig1--0.25-0.75-0.1.xml 

10/07/2013 12:12:47 START logging for run: debug/environments/Fig1--0.25-0.75-0.1.xml
10/07/2013 12:12:47 reading environment file ./debug/environments/Fig1--0.25-0.75-0.1.xml
10/07/2013 12:12:49     measurement started...
10/07/2013 12:12:49     ...measurement written
10/07/2013 12:12:49 FINISHED logging for run: debug/environments/Fig1--0.25-0.75-0.1.xml 

10/07/2013 12:13:15 START logging for run: debug/environments/Fig1--0.25-0.75-0.1.xml
10/07/2013 12:13:15 reading environment file ./debug/environments/Fig1--0.25-0.75-0.1.xml
10/07/2013 12:13:16     measurement started...
10/07/2013 12:13:16     ...measurement written
10/07/2013 12:13:16 FINISHED logging for run: debug/environments/Fig1--0.25-0.75-0.1.xml 

10/07/2013 12:14:29 START logging for run: debug/environments/Fig1--0.25-0.75-0.1.xml
10/07/2013 12:14:29 reading environment file ./debug/environments/Fig1--0.25-0.75-0.1.xml
10/07/2013 12:14:31     measurement started...
10/07/2013 12:14:31     ...measurement written
10/07/2013 12:14:31 FINISHED logging for run: debug/environments/Fig1--0.25-0.75-0.1.xml 

10/07/2013 12:14:50 START logging for run: debug/environments/Fig1--0.25-0.75-0.1.xml
10/07/2013 12:14:50 reading environment file ./debug/environments/Fig1--0.25-0.75-0.1.xml
10/07/2013 12:14:51     measurement started...
10/07/2013 12:14:51     ...measurement written
10/07/2013 12:14:51 FINISHED logging for run: debug/environments/Fig1--0.25-0.75-0.1.xml 

10/07/2013 12:16:01 START logging for run: debug/environments/Fig1--0.25-0.75-0.1.xml
10/07/2013 12:16:01 reading environment file ./debug/environments/Fig1--0.25-0.75-0.1.xml
10/07/2013 12:16:03     measurement started...
10/07/2013 12:16:03     ...measurement written
10/07/2013 12:16:03 FINISHED logging for run: debug/environments/Fig1--0.25-0.75-0.1.xml 

10/07/2013 12:16:31 START logging for run: debug/environments/Fig1--0.25-0.75-0.1.xml
10/07/2013 12:16:31 reading environment file ./debug/environments/Fig1--0.25-0.75-0.1.xml
10/07/2013 12:16:32     measurement started...
10/07/2013 12:16:32     ...measurement written
10/07/2013 12:16:32 FINISHED logging for run: debug/environments/Fig1--0.25-0.75-0.1.xml 

10/07/2013 12:16:50 START logging for run: debug/environments/Fig1--0.25-0.75-0.1.xml
10/07/2013 12:16:50 reading environment file ./debug/environments/Fig1--0.25-0.75-0.1.xml
10/07/2013 12:16:51     measurement started...
10/07/2013 12:16:51     ...measurement written
10/07/2013 12:16:51 FINISHED logging for run: debug/environments/Fig1--0.25-0.75-0.1.xml 

10/07/2013 12:17:17 START logging for run: debug/environments/Fig1--0.25-0.75-0.1.xml
10/07/2013 12:17:17 reading environment file ./debug/environments/Fig1--0.25-0.75-0.1.xml
10/07/2013 12:17:19     measurement started...
10/07/2013 12:17:39 START logging for run: debug/environments/Fig1--0.25-0.75-0.1.xml
10/07/2013 12:17:39 reading environment file ./debug/environments/Fig1--0.25-0.75-0.1.xml
10/07/2013 12:17:40     measurement started...
10/07/2013 12:17:40     ...measurement written
10/07/2013 12:17:40 FINISHED logging for run: debug/environments/Fig1--0.25-0.75-0.1.xml 

10/07/2013 12:17:54 START logging for run: debug/environments/Fig1--0.25-0.75-0.1.xml
10/07/2013 12:17:54 reading environment file ./debug/environments/Fig1--0.25-0.75-0.1.xml
10/07/2013 12:17:56     measurement started...
10/07/2013 12:17:56 FINISHED logging for run: debug/environments/Fig1--0.25-0.75-0.1.xml 

10/07/2013 12:19:22 START logging for run: debug/environments/Fig1--0.25-0.75-0.1.xml
10/07/2013 12:19:22 reading environment file ./debug/environments/Fig1--0.25-0.75-0.1.xml
10/07/2013 12:19:24     measurement started...
10/07/2013 12:19:24 FINISHED logging for run: debug/environments/Fig1--0.25-0.75-0.1.xml 

10/07/2013 12:22:00 START logging for run: debug/environments/Fig1--0.25-0.75-0.1.xml
10/07/2013 12:22:00 reading environment file ./debug/environments/Fig1--0.25-0.75-0.1.xml
10/07/2013 12:22:02     measurement started...
10/07/2013 12:22:02 FINISHED logging for run: debug/environments/Fig1--0.25-0.75-0.1.xml 

10/07/2013 15:44:44 START logging for run: debug/environments/Fig1--0.25-0.75-0.1.xml
10/07/2013 15:44:44 reading environment file ./debug/environments/Fig1--0.25-0.75-0.1.xml
10/07/2013 15:44:45     measurement started...
10/07/2013 15:44:45 FINISHED logging for run: debug/environments/Fig1--0.25-0.75-0.1.xml 

10/07/2013 15:54:06 START logging for run: debug/environments/Fig1--0.25-0.75-0.1.xml
10/07/2013 15:54:06 reading environment file ./debug/environments/Fig1--0.25-0.75-0.1.xml
10/07/2013 15:54:08     measurement started...
10/07/2013 15:54:08 FINISHED logging for run: debug/environments/Fig1--0.25-0.75-0.1.xml 

10/07/2013 15:54:18 START logging for run: debug/environments/Fig1--0.25-0.75-0.1.xml
10/07/2013 15:54:18 reading environment file ./debug/environments/Fig1--0.25-0.75-0.1.xml
10/07/2013 15:54:20     measurement started...
10/07/2013 15:54:20 FINISHED logging for run: debug/environments/Fig1--0.25-0.75-0.1.xml 

10/07/2013 16:46:38 START logging for run: debug/environments/Fig1--0.25-0.75-0.1.xml
10/07/2013 16:46:38 reading environment file ./debug/environments/Fig1--0.25-0.75-0.1.xml
10/07/2013 16:46:40     measurement started...
10/07/2013 16:46:40 FINISHED logging for run: debug/environments/Fig1--0.25-0.75-0.1.xml 

10/07/2013 16:51:50 START logging for run: debug/environments/Fig1--0.25-0.75-0.1.xml
10/07/2013 16:51:50 reading environment file ./debug/environments/Fig1--0.25-0.75-0.1.xml
10/07/2013 16:51:52     measurement started...
10/07/2013 16:55:18 START logging for run: debug/environments/Fig1--0.25-0.75-0.1.xml
10/07/2013 16:55:18 reading environment file ./debug/environments/Fig1--0.25-0.75-0.1.xml
10/07/2013 16:55:20     measurement started...
10/07/2013 16:56:52 START logging for run: debug/environments/Fig1--0.25-0.75-0.1.xml
10/07/2013 16:56:52 reading environment file ./debug/environments/Fig1--0.25-0.75-0.1.xml
10/07/2013 16:56:54     measurement started...
10/07/2013 16:56:54 FINISHED logging for run: debug/environments/Fig1--0.25-0.75-0.1.xml 

10/07/2013 17:26:19 START logging for run: debug/environments/Fig1--0.25-0.75-0.1.xml
10/07/2013 17:26:19 reading environment file ./debug/environments/Fig1--0.25-0.75-0.1.xml
10/07/2013 17:26:20     measurement started...
10/07/2013 17:26:20 FINISHED logging for run: debug/environments/Fig1--0.25-0.75-0.1.xml 

10/07/2013 17:27:07 START logging for run: debug/environments/Fig1--0.25-0.75-0.1.xml
10/07/2013 17:27:07 reading environment file ./debug/environments/Fig1--0.25-0.75-0.1.xml
10/07/2013 17:27:09     measurement started...
10/07/2013 17:27:09 FINISHED logging for run: debug/environments/Fig1--0.25-0.75-0.1.xml 

10/07/2013 17:27:55 START logging for run: debug/environments/Fig1--0.25-0.75-0.1.xml
10/07/2013 17:27:55 reading environment file ./debug/environments/Fig1--0.25-0.75-0.1.xml
10/07/2013 17:27:57     measurement started...
10/07/2013 17:27:57 FINISHED logging for run: debug/environments/Fig1--0.25-0.75-0.1.xml 

