09/14/2013 17:43:57 START logging for run: production/environments/Fig1/Fig1--0.4-0.6-0.2-1.xml
09/14/2013 17:43:57 reading environment file ./production/environments/Fig1/Fig1--0.4-0.6-0.2-1.xml
09/14/2013 17:43:57     measurement started...
09/14/2013 17:44:14     ...measurement written
09/14/2013 17:44:14 FINISHED logging for run: production/environments/Fig1/Fig1--0.4-0.6-0.2-1.xml 

09/14/2013 17:45:04 START logging for run: production/environments/Fig1/Fig1--0.4-0.6-0.2-1.xml
09/14/2013 17:45:04 reading environment file ./production/environments/Fig1/Fig1--0.4-0.6-0.2-1.xml
09/14/2013 17:45:04     measurement started...
09/14/2013 17:45:21     ...measurement written
09/14/2013 17:45:21 FINISHED logging for run: production/environments/Fig1/Fig1--0.4-0.6-0.2-1.xml 

09/14/2013 17:45:43 START logging for run: production/environments/Fig1/Fig1--0.4-0.6-0.2-1.xml
09/14/2013 17:45:43 reading environment file ./production/environments/Fig1/Fig1--0.4-0.6-0.2-1.xml
09/14/2013 17:45:43     measurement started...
09/14/2013 17:45:57     ...measurement written
09/14/2013 17:45:57 FINISHED logging for run: production/environments/Fig1/Fig1--0.4-0.6-0.2-1.xml 

09/14/2013 17:46:08 START logging for run: production/environments/Fig1/Fig1--0.4-0.6-0.2-1.xml
09/14/2013 17:46:08 reading environment file ./production/environments/Fig1/Fig1--0.4-0.6-0.2-1.xml
09/14/2013 17:46:08     measurement started...
09/14/2013 17:46:22     ...measurement written
09/14/2013 17:46:22 FINISHED logging for run: production/environments/Fig1/Fig1--0.4-0.6-0.2-1.xml 

09/14/2013 17:46:39 START logging for run: production/environments/Fig1/Fig1--0.4-0.6-0.2-1.xml
09/14/2013 17:46:39 reading environment file ./production/environments/Fig1/Fig1--0.4-0.6-0.2-1.xml
09/14/2013 17:46:39     measurement started...
09/14/2013 17:46:53     ...measurement written
09/14/2013 17:46:53 FINISHED logging for run: production/environments/Fig1/Fig1--0.4-0.6-0.2-1.xml 

09/14/2013 17:47:19 START logging for run: production/environments/Fig1/Fig1--0.4-0.6-0.2-1.xml
09/14/2013 17:47:19 reading environment file ./production/environments/Fig1/Fig1--0.4-0.6-0.2-1.xml
09/14/2013 17:47:19     measurement started...
09/14/2013 17:47:33     ...measurement written
09/14/2013 17:47:33 FINISHED logging for run: production/environments/Fig1/Fig1--0.4-0.6-0.2-1.xml 

09/14/2013 17:47:42 START logging for run: production/environments/Fig1/Fig1--0.4-0.6-0.2-1.xml
09/14/2013 17:47:42 reading environment file ./production/environments/Fig1/Fig1--0.4-0.6-0.2-1.xml
09/14/2013 17:47:42     measurement started...
09/14/2013 17:47:57     ...measurement written
09/14/2013 17:47:57 FINISHED logging for run: production/environments/Fig1/Fig1--0.4-0.6-0.2-1.xml 

09/14/2013 17:48:08 START logging for run: production/environments/Fig1/Fig1--0.4-0.6-0.2-1.xml
09/14/2013 17:48:08 reading environment file ./production/environments/Fig1/Fig1--0.4-0.6-0.2-1.xml
09/14/2013 17:48:08     measurement started...
09/14/2013 17:48:27     ...measurement written
09/14/2013 17:48:27 FINISHED logging for run: production/environments/Fig1/Fig1--0.4-0.6-0.2-1.xml 

09/14/2013 17:48:38 START logging for run: production/environments/Fig1/Fig1--0.4-0.6-0.2-1.xml
09/14/2013 17:48:38 reading environment file ./production/environments/Fig1/Fig1--0.4-0.6-0.2-1.xml
09/14/2013 17:48:38     measurement started...
09/14/2013 17:48:57     ...measurement written
09/14/2013 17:48:57 FINISHED logging for run: production/environments/Fig1/Fig1--0.4-0.6-0.2-1.xml 

09/14/2013 17:49:15 START logging for run: production/environments/Fig1/Fig1--0.4-0.6-0.2-1.xml
09/14/2013 17:49:15 reading environment file ./production/environments/Fig1/Fig1--0.4-0.6-0.2-1.xml
09/14/2013 17:49:15     measurement started...
09/14/2013 17:49:26     ...measurement written
09/14/2013 17:49:26 FINISHED logging for run: production/environments/Fig1/Fig1--0.4-0.6-0.2-1.xml 

09/14/2013 17:49:37 START logging for run: production/environments/Fig1/Fig1--0.4-0.6-0.2-1.xml
09/14/2013 17:49:37 reading environment file ./production/environments/Fig1/Fig1--0.4-0.6-0.2-1.xml
09/14/2013 17:49:37     measurement started...
09/14/2013 17:49:48     ...measurement written
09/14/2013 17:49:48 FINISHED logging for run: production/environments/Fig1/Fig1--0.4-0.6-0.2-1.xml 

09/14/2013 17:51:08 START logging for run: production/environments/Fig1/Fig1--0.4-0.6-0.2-1.xml
09/14/2013 17:51:08 reading environment file ./production/environments/Fig1/Fig1--0.4-0.6-0.2-1.xml
09/14/2013 17:51:08     measurement started...
09/14/2013 17:51:19     ...measurement written
09/14/2013 17:51:19 FINISHED logging for run: production/environments/Fig1/Fig1--0.4-0.6-0.2-1.xml 

09/14/2013 17:53:33 START logging for run: production/environments/Fig1/Fig1--0.4-0.6-0.2-1.xml
09/14/2013 17:53:33 reading environment file ./production/environments/Fig1/Fig1--0.4-0.6-0.2-1.xml
09/14/2013 17:59:31 START logging for run: production/environments/Fig1/Fig1--0.4-0.6-0.2-1.xml
09/14/2013 17:59:31 reading environment file ./production/environments/Fig1/Fig1--0.4-0.6-0.2-1.xml
09/14/2013 17:59:31     measurement started...
09/14/2013 17:59:42     ...measurement written
09/14/2013 17:59:42 FINISHED logging for run: production/environments/Fig1/Fig1--0.4-0.6-0.2-1.xml 

09/14/2013 17:59:58 START logging for run: production/environments/Fig1/Fig1--0.4-0.6-0.2-1.xml
09/14/2013 17:59:58 reading environment file ./production/environments/Fig1/Fig1--0.4-0.6-0.2-1.xml
09/14/2013 17:59:58     measurement started...
09/14/2013 18:00:10     ...measurement written
09/14/2013 18:00:10 FINISHED logging for run: production/environments/Fig1/Fig1--0.4-0.6-0.2-1.xml 

09/14/2013 18:00:41 START logging for run: production/environments/Fig1/Fig1--0.4-0.6-0.2-1.xml
09/14/2013 18:00:41 reading environment file ./production/environments/Fig1/Fig1--0.4-0.6-0.2-1.xml
09/14/2013 18:00:41     measurement started...
09/14/2013 18:01:25     ...measurement written
09/14/2013 18:01:25 FINISHED logging for run: production/environments/Fig1/Fig1--0.4-0.6-0.2-1.xml 

09/14/2013 18:01:32 START logging for run: production/environments/Fig1/Fig1--0.4-0.6-0.2-1.xml
09/14/2013 18:01:32 reading environment file ./production/environments/Fig1/Fig1--0.4-0.6-0.2-1.xml
09/14/2013 18:01:32     measurement started...
09/14/2013 18:02:16     ...measurement written
09/14/2013 18:02:16 FINISHED logging for run: production/environments/Fig1/Fig1--0.4-0.6-0.2-1.xml 

09/14/2013 18:02:38 START logging for run: production/environments/Fig1/Fig1--0.4-0.6-0.2-1.xml
09/14/2013 18:02:38 reading environment file ./production/environments/Fig1/Fig1--0.4-0.6-0.2-1.xml
09/14/2013 18:02:38     measurement started...
09/14/2013 18:03:21     ...measurement written
09/14/2013 18:03:21 FINISHED logging for run: production/environments/Fig1/Fig1--0.4-0.6-0.2-1.xml 

09/14/2013 18:03:32 START logging for run: production/environments/Fig1/Fig1--0.4-0.6-0.2-1.xml
09/14/2013 18:03:32 reading environment file ./production/environments/Fig1/Fig1--0.4-0.6-0.2-1.xml
09/14/2013 18:03:32     measurement started...
09/14/2013 18:03:44     ...measurement written
09/14/2013 18:03:44 FINISHED logging for run: production/environments/Fig1/Fig1--0.4-0.6-0.2-1.xml 

09/14/2013 18:04:02 START logging for run: production/environments/Fig1/Fig1--0.4-0.6-0.2-1.xml
09/14/2013 18:04:02 reading environment file ./production/environments/Fig1/Fig1--0.4-0.6-0.2-1.xml
09/14/2013 18:04:02     measurement started...
09/14/2013 18:04:13     ...measurement written
09/14/2013 18:04:13 FINISHED logging for run: production/environments/Fig1/Fig1--0.4-0.6-0.2-1.xml 

09/14/2013 18:04:20 START logging for run: production/environments/Fig1/Fig1--0.4-0.6-0.2-1.xml
09/14/2013 18:04:20 reading environment file ./production/environments/Fig1/Fig1--0.4-0.6-0.2-1.xml
09/14/2013 18:04:20     measurement started...
09/14/2013 18:04:25     ...measurement written
09/14/2013 18:04:25 FINISHED logging for run: production/environments/Fig1/Fig1--0.4-0.6-0.2-1.xml 

09/14/2013 18:04:41 START logging for run: production/environments/Fig1/Fig1--0.4-0.6-0.2-1.xml
09/14/2013 18:04:41 reading environment file ./production/environments/Fig1/Fig1--0.4-0.6-0.2-1.xml
09/14/2013 18:04:41     measurement started...
09/14/2013 18:04:46     ...measurement written
09/14/2013 18:04:46 FINISHED logging for run: production/environments/Fig1/Fig1--0.4-0.6-0.2-1.xml 

09/14/2013 18:06:49 START logging for run: production/environments/Fig1/Fig1--0.4-0.6-0.2-1.xml
09/14/2013 18:06:49 reading environment file ./production/environments/Fig1/Fig1--0.4-0.6-0.2-1.xml
09/14/2013 18:06:49     measurement started...
09/14/2013 18:06:54     ...measurement written
09/14/2013 18:06:54 FINISHED logging for run: production/environments/Fig1/Fig1--0.4-0.6-0.2-1.xml 

