10/13/2013 00:23:01 START logging for run: production/environments/Fig1/Fig1--0.49-0.51-0.9.xml
10/13/2013 00:23:01 reading environment file ./production/environments/Fig1/Fig1--0.49-0.51-0.9.xml
10/13/2013 00:23:01     measurement started...
10/13/2013 00:23:03     ...measurement written
10/13/2013 00:23:03 FINISHED logging for run: production/environments/Fig1/Fig1--0.49-0.51-0.9.xml 

10/13/2013 00:24:09 START logging for run: production/environments/Fig1/Fig1--0.49-0.51-0.9.xml
10/13/2013 00:24:09 reading environment file ./production/environments/Fig1/Fig1--0.49-0.51-0.9.xml
10/13/2013 00:24:09     measurement started...
10/13/2013 00:24:11     ...measurement written
10/13/2013 00:24:11 FINISHED logging for run: production/environments/Fig1/Fig1--0.49-0.51-0.9.xml 

10/13/2013 00:24:26 START logging for run: production/environments/Fig1/Fig1--0.49-0.51-0.9.xml
10/13/2013 00:24:26 reading environment file ./production/environments/Fig1/Fig1--0.49-0.51-0.9.xml
10/13/2013 00:24:26     measurement started...
10/13/2013 00:24:27     ...measurement written
10/13/2013 00:24:27 FINISHED logging for run: production/environments/Fig1/Fig1--0.49-0.51-0.9.xml 

10/13/2013 00:24:36 START logging for run: production/environments/Fig1/Fig1--0.49-0.51-0.9.xml
10/13/2013 00:24:36 reading environment file ./production/environments/Fig1/Fig1--0.49-0.51-0.9.xml
10/13/2013 00:24:36     measurement started...
10/13/2013 00:24:37     ...measurement written
10/13/2013 00:24:37 FINISHED logging for run: production/environments/Fig1/Fig1--0.49-0.51-0.9.xml 

10/13/2013 00:24:46 START logging for run: production/environments/Fig1/Fig1--0.49-0.51-0.9.xml
10/13/2013 00:24:46 reading environment file ./production/environments/Fig1/Fig1--0.49-0.51-0.9.xml
10/13/2013 00:24:46     measurement started...
10/13/2013 00:24:47     ...measurement written
10/13/2013 00:24:47 FINISHED logging for run: production/environments/Fig1/Fig1--0.49-0.51-0.9.xml 

10/13/2013 00:25:05 START logging for run: production/environments/Fig1/Fig1--0.49-0.51-0.9.xml
10/13/2013 00:25:05 reading environment file ./production/environments/Fig1/Fig1--0.49-0.51-0.9.xml
10/13/2013 00:25:05     measurement started...
10/13/2013 00:25:06     ...measurement written
10/13/2013 00:25:06 FINISHED logging for run: production/environments/Fig1/Fig1--0.49-0.51-0.9.xml 

10/13/2013 00:29:26 START logging for run: production/environments/Fig1/Fig1--0.49-0.51-0.9.xml
10/13/2013 00:29:26 reading environment file ./production/environments/Fig1/Fig1--0.49-0.51-0.9.xml
10/13/2013 00:29:26     measurement started...
10/13/2013 00:29:28     ...measurement written
10/13/2013 00:29:28 FINISHED logging for run: production/environments/Fig1/Fig1--0.49-0.51-0.9.xml 

