09/14/2013 21:43:18 START logging for run: production/environments/Fig1/Fig1--0.4-0.6-0.2.xml
09/14/2013 21:43:18 reading environment file ./production/environments/Fig1/Fig1--0.4-0.6-0.2.xml
09/14/2013 21:43:19     measurement started...
09/14/2013 21:44:25 START logging for run: production/environments/Fig1/Fig1--0.4-0.6-0.2.xml
09/14/2013 21:44:25 reading environment file ./production/environments/Fig1/Fig1--0.4-0.6-0.2.xml
09/14/2013 21:44:25     measurement started...
09/14/2013 21:45:56 START logging for run: production/environments/Fig1/Fig1--0.4-0.6-0.2.xml
09/14/2013 21:45:56 reading environment file ./production/environments/Fig1/Fig1--0.4-0.6-0.2.xml
09/14/2013 21:45:57 START logging for run: production/environments/Fig1/Fig1--0.4-0.6-0.2.xml
09/14/2013 21:45:57 reading environment file ./production/environments/Fig1/Fig1--0.4-0.6-0.2.xml
09/14/2013 21:45:57     measurement started...
09/14/2013 21:47:05 START logging for run: production/environments/Fig1/Fig1--0.4-0.6-0.2.xml
09/14/2013 21:47:05 reading environment file ./production/environments/Fig1/Fig1--0.4-0.6-0.2.xml
09/14/2013 21:47:06     measurement started...
09/14/2013 21:47:17     ...measurement written
09/14/2013 21:47:17 FINISHED logging for run: production/environments/Fig1/Fig1--0.4-0.6-0.2.xml 

09/14/2013 21:47:47 START logging for run: production/environments/Fig1/Fig1--0.4-0.6-0.2.xml
09/14/2013 21:47:47 reading environment file ./production/environments/Fig1/Fig1--0.4-0.6-0.2.xml
09/14/2013 21:47:48     measurement started...
09/14/2013 21:47:59     ...measurement written
09/14/2013 21:47:59 FINISHED logging for run: production/environments/Fig1/Fig1--0.4-0.6-0.2.xml 

09/14/2013 21:48:33 START logging for run: production/environments/Fig1/Fig1--0.4-0.6-0.2.xml
09/14/2013 21:48:33 reading environment file ./production/environments/Fig1/Fig1--0.4-0.6-0.2.xml
09/14/2013 21:48:33     measurement started...
09/14/2013 21:48:39     ...measurement written
09/14/2013 21:48:39 FINISHED logging for run: production/environments/Fig1/Fig1--0.4-0.6-0.2.xml 

09/14/2013 21:48:53 START logging for run: production/environments/Fig1/Fig1--0.4-0.6-0.2.xml
09/14/2013 21:48:53 reading environment file ./production/environments/Fig1/Fig1--0.4-0.6-0.2.xml
09/14/2013 21:48:53     measurement started...
09/14/2013 21:49:00     ...measurement written
09/14/2013 21:49:00 FINISHED logging for run: production/environments/Fig1/Fig1--0.4-0.6-0.2.xml 

09/14/2013 21:49:18 START logging for run: production/environments/Fig1/Fig1--0.4-0.6-0.2.xml
09/14/2013 21:49:18 reading environment file ./production/environments/Fig1/Fig1--0.4-0.6-0.2.xml
09/14/2013 21:49:18     measurement started...
09/14/2013 21:49:27     ...measurement written
09/14/2013 21:49:27 FINISHED logging for run: production/environments/Fig1/Fig1--0.4-0.6-0.2.xml 

09/14/2013 21:49:40 START logging for run: production/environments/Fig1/Fig1--0.4-0.6-0.2.xml
09/14/2013 21:49:40 reading environment file ./production/environments/Fig1/Fig1--0.4-0.6-0.2.xml
09/14/2013 21:49:41     measurement started...
09/14/2013 21:49:50     ...measurement written
09/14/2013 21:49:50 FINISHED logging for run: production/environments/Fig1/Fig1--0.4-0.6-0.2.xml 

09/14/2013 21:50:36 START logging for run: production/environments/Fig1/Fig1--0.4-0.6-0.2.xml
09/14/2013 21:50:36 reading environment file ./production/environments/Fig1/Fig1--0.4-0.6-0.2.xml
09/14/2013 21:50:36     measurement started...
09/14/2013 21:50:42     ...measurement written
09/14/2013 21:50:42 FINISHED logging for run: production/environments/Fig1/Fig1--0.4-0.6-0.2.xml 

09/14/2013 21:50:52 START logging for run: production/environments/Fig1/Fig1--0.4-0.6-0.2.xml
09/14/2013 21:50:52 reading environment file ./production/environments/Fig1/Fig1--0.4-0.6-0.2.xml
09/14/2013 21:50:52     measurement started...
09/14/2013 21:50:58     ...measurement written
09/14/2013 21:50:58 FINISHED logging for run: production/environments/Fig1/Fig1--0.4-0.6-0.2.xml 

09/14/2013 21:51:08 START logging for run: production/environments/Fig1/Fig1--0.4-0.6-0.2.xml
09/14/2013 21:51:08 reading environment file ./production/environments/Fig1/Fig1--0.4-0.6-0.2.xml
09/14/2013 21:51:08     measurement started...
09/14/2013 21:51:14     ...measurement written
09/14/2013 21:51:14 FINISHED logging for run: production/environments/Fig1/Fig1--0.4-0.6-0.2.xml 

09/14/2013 21:51:25 START logging for run: production/environments/Fig1/Fig1--0.4-0.6-0.2.xml
09/14/2013 21:51:25 reading environment file ./production/environments/Fig1/Fig1--0.4-0.6-0.2.xml
09/14/2013 21:51:25     measurement started...
09/14/2013 21:51:31     ...measurement written
09/14/2013 21:51:31 FINISHED logging for run: production/environments/Fig1/Fig1--0.4-0.6-0.2.xml 

09/14/2013 21:51:41 START logging for run: production/environments/Fig1/Fig1--0.4-0.6-0.2.xml
09/14/2013 21:51:41 reading environment file ./production/environments/Fig1/Fig1--0.4-0.6-0.2.xml
09/14/2013 21:51:41     measurement started...
09/14/2013 21:51:52     ...measurement written
09/14/2013 21:51:52 FINISHED logging for run: production/environments/Fig1/Fig1--0.4-0.6-0.2.xml 

09/14/2013 21:52:03 START logging for run: production/environments/Fig1/Fig1--0.4-0.6-0.2.xml
09/14/2013 21:52:03 reading environment file ./production/environments/Fig1/Fig1--0.4-0.6-0.2.xml
09/14/2013 21:52:03     measurement started...
09/14/2013 21:52:12     ...measurement written
09/14/2013 21:52:12 FINISHED logging for run: production/environments/Fig1/Fig1--0.4-0.6-0.2.xml 

09/14/2013 21:52:21 START logging for run: production/environments/Fig1/Fig1--0.4-0.6-0.2.xml
09/14/2013 21:52:21 reading environment file ./production/environments/Fig1/Fig1--0.4-0.6-0.2.xml
09/14/2013 21:52:21     measurement started...
09/14/2013 21:52:31     ...measurement written
09/14/2013 21:52:31 FINISHED logging for run: production/environments/Fig1/Fig1--0.4-0.6-0.2.xml 

09/14/2013 21:52:43 START logging for run: production/environments/Fig1/Fig1--0.4-0.6-0.2.xml
09/14/2013 21:52:43 reading environment file ./production/environments/Fig1/Fig1--0.4-0.6-0.2.xml
09/14/2013 21:52:43     measurement started...
09/14/2013 21:52:52     ...measurement written
09/14/2013 21:52:52 FINISHED logging for run: production/environments/Fig1/Fig1--0.4-0.6-0.2.xml 

09/14/2013 21:53:04 START logging for run: production/environments/Fig1/Fig1--0.4-0.6-0.2.xml
09/14/2013 21:53:04 reading environment file ./production/environments/Fig1/Fig1--0.4-0.6-0.2.xml
09/14/2013 21:53:04     measurement started...
09/14/2013 21:53:14     ...measurement written
09/14/2013 21:53:14 FINISHED logging for run: production/environments/Fig1/Fig1--0.4-0.6-0.2.xml 

09/14/2013 21:53:26 START logging for run: production/environments/Fig1/Fig1--0.4-0.6-0.2.xml
09/14/2013 21:53:26 reading environment file ./production/environments/Fig1/Fig1--0.4-0.6-0.2.xml
09/14/2013 21:53:26     measurement started...
09/14/2013 21:53:37     ...measurement written
09/14/2013 21:53:37 FINISHED logging for run: production/environments/Fig1/Fig1--0.4-0.6-0.2.xml 

09/14/2013 21:53:49 START logging for run: production/environments/Fig1/Fig1--0.4-0.6-0.2.xml
09/14/2013 21:53:49 reading environment file ./production/environments/Fig1/Fig1--0.4-0.6-0.2.xml
09/14/2013 21:53:49     measurement started...
09/14/2013 21:53:59     ...measurement written
09/14/2013 21:53:59 FINISHED logging for run: production/environments/Fig1/Fig1--0.4-0.6-0.2.xml 

09/14/2013 21:54:28 START logging for run: production/environments/Fig1/Fig1--0.4-0.6-0.2.xml
09/14/2013 21:54:28 reading environment file ./production/environments/Fig1/Fig1--0.4-0.6-0.2.xml
09/14/2013 21:54:29     measurement started...
09/14/2013 21:54:39     ...measurement written
09/14/2013 21:54:39 FINISHED logging for run: production/environments/Fig1/Fig1--0.4-0.6-0.2.xml 

09/14/2013 21:55:01 START logging for run: production/environments/Fig1/Fig1--0.4-0.6-0.2.xml
09/14/2013 21:55:01 reading environment file ./production/environments/Fig1/Fig1--0.4-0.6-0.2.xml
09/14/2013 21:55:01     measurement started...
09/14/2013 21:55:10     ...measurement written
09/14/2013 21:55:10 FINISHED logging for run: production/environments/Fig1/Fig1--0.4-0.6-0.2.xml 

09/14/2013 21:55:25 START logging for run: production/environments/Fig1/Fig1--0.4-0.6-0.2.xml
09/14/2013 21:55:25 reading environment file ./production/environments/Fig1/Fig1--0.4-0.6-0.2.xml
09/14/2013 21:55:26     measurement started...
09/14/2013 21:55:34     ...measurement written
09/14/2013 21:55:34 FINISHED logging for run: production/environments/Fig1/Fig1--0.4-0.6-0.2.xml 

09/14/2013 21:55:52 START logging for run: production/environments/Fig1/Fig1--0.4-0.6-0.2.xml
09/14/2013 21:55:52 reading environment file ./production/environments/Fig1/Fig1--0.4-0.6-0.2.xml
09/14/2013 21:55:52     measurement started...
09/14/2013 21:56:01     ...measurement written
09/14/2013 21:56:01 FINISHED logging for run: production/environments/Fig1/Fig1--0.4-0.6-0.2.xml 

09/14/2013 21:56:15 START logging for run: production/environments/Fig1/Fig1--0.4-0.6-0.2.xml
09/14/2013 21:56:15 reading environment file ./production/environments/Fig1/Fig1--0.4-0.6-0.2.xml
09/14/2013 21:56:15     measurement started...
09/14/2013 21:56:24     ...measurement written
09/14/2013 21:56:24 FINISHED logging for run: production/environments/Fig1/Fig1--0.4-0.6-0.2.xml 

09/14/2013 21:56:35 START logging for run: production/environments/Fig1/Fig1--0.4-0.6-0.2.xml
09/14/2013 21:56:35 reading environment file ./production/environments/Fig1/Fig1--0.4-0.6-0.2.xml
09/14/2013 21:56:35     measurement started...
09/14/2013 21:56:45     ...measurement written
09/14/2013 21:56:45 FINISHED logging for run: production/environments/Fig1/Fig1--0.4-0.6-0.2.xml 

09/14/2013 21:56:55 START logging for run: production/environments/Fig1/Fig1--0.4-0.6-0.2.xml
09/14/2013 21:56:55 reading environment file ./production/environments/Fig1/Fig1--0.4-0.6-0.2.xml
09/14/2013 21:56:56     measurement started...
09/14/2013 21:57:05     ...measurement written
09/14/2013 21:57:05 FINISHED logging for run: production/environments/Fig1/Fig1--0.4-0.6-0.2.xml 

09/14/2013 21:57:18 START logging for run: production/environments/Fig1/Fig1--0.4-0.6-0.2.xml
09/14/2013 21:57:18 reading environment file ./production/environments/Fig1/Fig1--0.4-0.6-0.2.xml
09/14/2013 21:57:18     measurement started...
09/14/2013 21:57:28     ...measurement written
09/14/2013 21:57:28 FINISHED logging for run: production/environments/Fig1/Fig1--0.4-0.6-0.2.xml 

09/14/2013 21:57:40 START logging for run: production/environments/Fig1/Fig1--0.4-0.6-0.2.xml
09/14/2013 21:57:40 reading environment file ./production/environments/Fig1/Fig1--0.4-0.6-0.2.xml
09/14/2013 21:57:40     measurement started...
09/14/2013 21:57:50     ...measurement written
09/14/2013 21:57:50 FINISHED logging for run: production/environments/Fig1/Fig1--0.4-0.6-0.2.xml 

09/14/2013 21:58:03 START logging for run: production/environments/Fig1/Fig1--0.4-0.6-0.2.xml
09/14/2013 21:58:03 reading environment file ./production/environments/Fig1/Fig1--0.4-0.6-0.2.xml
09/14/2013 21:58:04     measurement started...
09/14/2013 21:58:14     ...measurement written
09/14/2013 21:58:14 FINISHED logging for run: production/environments/Fig1/Fig1--0.4-0.6-0.2.xml 

